-0.001 1.87738e-06
-0.00099 1.83986e-06
-0.00098 1.80272e-06
-0.00097 1.77205e-06
-0.00096 1.73559e-06
-0.00095 1.69951e-06
-0.00094 1.66379e-06
-0.00093 1.62846e-06
-0.00092 1.5935e-06
-0.00091 1.55891e-06
-0.0009 1.5247e-06
-0.00089 1.49087e-06
-0.00088 1.4574e-06
-0.00087 1.42432e-06
-0.00086 1.39161e-06
-0.00085 1.35928e-06
-0.00084 1.32732e-06
-0.00083 1.29574e-06
-0.00082 1.26453e-06
-0.00081 1.23371e-06
-0.0008 1.2083e-06
-0.00079 1.17816e-06
-0.00078 1.1484e-06
-0.00077 1.11902e-06
-0.00076 1.09001e-06
-0.00075 1.06138e-06
-0.00074 1.03313e-06
-0.00073 1.00525e-06
-0.00072 9.77757e-07
-0.00071 9.50638e-07
-0.0007 9.23896e-07
-0.00069 8.97533e-07
-0.00068 8.71547e-07
-0.00067 8.45941e-07
-0.00066 8.20713e-07
-0.00065 7.95864e-07
-0.00064 7.71394e-07
-0.00063 7.51291e-07
-0.00062 7.27516e-07
-0.00061 7.0412e-07
-0.0006 6.81103e-07
-0.00059 6.58466e-07
-0.00058 6.36209e-07
-0.00057 6.14331e-07
-0.00056 5.92834e-07
-0.00055 5.71717e-07
-0.00054 5.5098e-07
-0.00053 5.30623e-07
-0.00052 5.10647e-07
-0.00051 4.91053e-07
-0.0005 4.71839e-07
-0.00049 4.53006e-07
-0.00048 4.34553e-07
-0.00047 4.19468e-07
-0.00046 4.01715e-07
-0.00045 3.84344e-07
-0.00044 3.67354e-07
-0.00043 3.50747e-07
-0.00042 3.34522e-07
-0.00041 3.18679e-07
-0.0004 3.03218e-07
-0.00039 2.8814e-07
-0.00038 2.73444e-07
-0.00037 2.59131e-07
-0.00036 2.45202e-07
-0.00035 2.31655e-07
-0.00034 2.18491e-07
-0.00033 2.05711e-07
-0.00032 1.93314e-07
-0.00031 1.83277e-07
-0.0003 1.71585e-07
-0.00029 1.60275e-07
-0.00028 1.4935e-07
-0.00027 1.3881e-07
-0.00026 1.28653e-07
-0.00025 1.18881e-07
-0.00024 1.09494e-07
-0.00023 1.00492e-07
-0.00022 9.18756e-08
-0.00021 8.36427e-08
-0.0002 7.5797e-08
-0.00019 6.8336e-08
-0.00018 6.126e-08
-0.00017 5.457e-08
-0.00016 4.82666e-08
-0.00015 4.33079e-08
-0.00014 3.77121e-08
-0.00013 3.25027e-08
-0.00012 2.76794e-08
-0.00011 2.32433e-08
-0.0001 1.91932e-08
-9e-05 1.55299e-08
-8e-05 1.22548e-08
-7e-05 9.36583e-09
-6e-05 6.86508e-09
-5e-05 4.75151e-09
-4e-05 3.02536e-09
-3e-05 1.68724e-09
-2e-05 7.37253e-10
-1e-05 1.75123e-10
0 3.89588e-12
1e-05 1.53042e-10
2e-05 6.92159e-10
3e-05 1.61848e-09
4e-05 2.93497e-09
5e-05 4.63937e-09
6e-05 6.73412e-09
7e-05 9.21721e-09
8e-05 1.20894e-08
9e-05 1.53521e-08
0.0001 1.9004e-08
0.00011 2.3046e-08
0.00012 2.74777e-08
0.00013 3.23004e-08
0.00014 3.75124e-08
0.00015 4.21548e-08
0.00016 4.80832e-08
0.00017 5.44019e-08
0.00018 6.11115e-08
0.00019 6.82131e-08
0.0002 7.5705e-08
0.00021 8.35884e-08
0.00022 9.18642e-08
0.00023 1.0053e-07
0.00024 1.09589e-07
0.00025 1.19039e-07
0.00026 1.28882e-07
0.00027 1.39116e-07
0.00028 1.49743e-07
0.00029 1.60762e-07
0.0003 1.70246e-07
0.00031 1.81984e-07
0.00032 1.94117e-07
0.00033 2.06642e-07
0.00034 2.19561e-07
0.00035 2.32873e-07
0.00036 2.46578e-07
0.00037 2.60677e-07
0.00038 2.7517e-07
0.00039 2.90057e-07
0.0004 3.05338e-07
0.00041 3.21013e-07
0.00042 3.37083e-07
0.00043 3.53547e-07
0.00044 3.70405e-07
0.00045 3.84756e-07
0.00046 4.02339e-07
0.00047 4.20317e-07
0.00048 4.3869e-07
0.00049 4.57459e-07
0.0005 4.76622e-07
0.00051 4.96182e-07
0.00052 5.16137e-07
0.00053 5.36489e-07
0.00054 5.57236e-07
0.00055 5.7838e-07
0.00056 5.99919e-07
0.00057 6.21856e-07
0.00058 6.44189e-07
0.00059 6.6692e-07
0.0006 6.86164e-07
0.00061 7.09622e-07
0.00062 7.33477e-07
0.00063 7.57729e-07
0.00064 7.82379e-07
0.00065 8.07426e-07
0.00066 8.32872e-07
0.00067 8.58715e-07
0.00068 8.84956e-07
0.00069 9.11596e-07
0.0007 9.38633e-07
0.00071 9.6607e-07
0.00072 9.93905e-07
0.00073 1.02214e-06
0.00074 1.04597e-06
0.00075 1.07494e-06
0.00076 1.1043e-06
0.00077 1.13406e-06
0.00078 1.16423e-06
0.00079 1.19479e-06
0.0008 1.22575e-06
0.00081 1.25712e-06
0.00082 1.28888e-06
0.00083 1.32104e-06
0.00084 1.3536e-06
0.00085 1.38657e-06
0.00086 1.41993e-06
0.00087 1.45369e-06
0.00088 1.48786e-06
0.00089 1.51664e-06
0.0009 1.55154e-06
0.00091 1.58684e-06
0.00092 1.62255e-06
0.00093 1.65865e-06
0.00094 1.69516e-06
0.00095 1.73207e-06
0.00096 1.76938e-06
0.00097 1.80709e-06
0.00098 1.8452e-06
0.00099 1.88372e-06
0.001 1.92264e-06
