This is pdfTeX, Version 3.14159265-2.6-1.40.20 (TeX Live 2019) (preloaded format=pdflatex 2019.12.21)  5 MAR 2020 16:14
entering extended mode
 restricted \write18 enabled.
 %&-line parsing enabled.
**ubb_calculation.tex
(./ubb_calculation.tex
LaTeX2e <2019-10-01>
(/usr/local/texlive/2019basic/texmf-dist/tex/latex/base/article.cls
Document Class: article 2019/08/27 v1.4j Standard LaTeX document class
(/usr/local/texlive/2019basic/texmf-dist/tex/latex/base/size12.clo
File: size12.clo 2019/08/27 v1.4j Standard LaTeX file (size option)
)
\c@part=\count80
\c@section=\count81
\c@subsection=\count82
\c@subsubsection=\count83
\c@paragraph=\count84
\c@subparagraph=\count85
\c@figure=\count86
\c@table=\count87
\abovecaptionskip=\skip41
\belowcaptionskip=\skip42
\bibindent=\dimen102
)
(/usr/local/texlive/2019basic/texmf-dist/tex/latex/physics/physics.sty
Package: physics 

(/usr/local/texlive/2019basic/texmf-dist/tex/latex/l3packages/xparse/xparse.sty
(/usr/local/texlive/2019basic/texmf-dist/tex/latex/l3kernel/expl3.sty
Package: expl3 2019-10-02 L3 programming layer (loader) 

(/usr/local/texlive/2019basic/texmf-dist/tex/latex/l3kernel/expl3-code.tex
Package: expl3 2019-10-02 L3 programming layer (code)
\c_max_int=\count88
\l_tmpa_int=\count89
\l_tmpb_int=\count90
\g_tmpa_int=\count91
\g_tmpb_int=\count92
\l__seq_internal_a_int=\count93
\l__seq_internal_b_int=\count94
\g__kernel_prg_map_int=\count95
\c__ior_term_noprompt_ior=\count96
\c_log_iow=\count97
\l_iow_line_count_int=\count98
\l__iow_line_target_int=\count99
\l__iow_one_indent_int=\count100
\l__iow_indent_int=\count101
\c_zero_dim=\dimen103
\c_max_dim=\dimen104
\l_tmpa_dim=\dimen105
\l_tmpb_dim=\dimen106
\g_tmpa_dim=\dimen107
\g_tmpb_dim=\dimen108
\c_zero_skip=\skip43
\c_max_skip=\skip44
\l_tmpa_skip=\skip45
\l_tmpb_skip=\skip46
\g_tmpa_skip=\skip47
\g_tmpb_skip=\skip48
\c_zero_muskip=\muskip10
\c_max_muskip=\muskip11
\l_tmpa_muskip=\muskip12
\l_tmpb_muskip=\muskip13
\g_tmpa_muskip=\muskip14
\g_tmpb_muskip=\muskip15
\l_keys_choice_int=\count102
\l__intarray_loop_int=\count103
\c__intarray_sp_dim=\dimen109
\g__intarray_font_int=\count104
\c__fp_leading_shift_int=\count105
\c__fp_middle_shift_int=\count106
\c__fp_trailing_shift_int=\count107
\c__fp_big_leading_shift_int=\count108
\c__fp_big_middle_shift_int=\count109
\c__fp_big_trailing_shift_int=\count110
\c__fp_Bigg_leading_shift_int=\count111
\c__fp_Bigg_middle_shift_int=\count112
\c__fp_Bigg_trailing_shift_int=\count113
\c__kernel_randint_max_int=\count114
\g__fp_array_int=\count115
\l__fp_array_loop_int=\count116
\l__sort_length_int=\count117
\l__sort_min_int=\count118
\l__sort_top_int=\count119
\l__sort_max_int=\count120
\l__sort_true_max_int=\count121
\l__sort_block_int=\count122
\l__sort_begin_int=\count123
\l__sort_end_int=\count124
\l__sort_A_int=\count125
\l__sort_B_int=\count126
\l__sort_C_int=\count127
\l__str_internal_int=\count128
\c__str_replacement_char_int=\count129
\l__tl_analysis_normal_int=\count130
\l__tl_analysis_index_int=\count131
\l__tl_analysis_nesting_int=\count132
\l__tl_analysis_type_int=\count133
\l__regex_internal_a_int=\count134
\l__regex_internal_b_int=\count135
\l__regex_internal_c_int=\count136
\l__regex_balance_int=\count137
\l__regex_group_level_int=\count138
\l__regex_mode_int=\count139
\c__regex_cs_in_class_mode_int=\count140
\c__regex_cs_mode_int=\count141
\l__regex_catcodes_int=\count142
\l__regex_default_catcodes_int=\count143
\c__regex_catcode_D_int=\count144
\c__regex_catcode_S_int=\count145
\c__regex_catcode_L_int=\count146
\c__regex_catcode_O_int=\count147
\c__regex_catcode_A_int=\count148
\c__regex_all_catcodes_int=\count149
\l__regex_show_lines_int=\count150
\l__regex_min_state_int=\count151
\l__regex_max_state_int=\count152
\l__regex_left_state_int=\count153
\l__regex_right_state_int=\count154
\l__regex_capturing_group_int=\count155
\l__regex_min_pos_int=\count156
\l__regex_max_pos_int=\count157
\l__regex_curr_pos_int=\count158
\l__regex_start_pos_int=\count159
\l__regex_success_pos_int=\count160
\l__regex_curr_char_int=\count161
\l__regex_curr_catcode_int=\count162
\l__regex_last_char_int=\count163
\l__regex_case_changed_char_int=\count164
\l__regex_curr_state_int=\count165
\l__regex_step_int=\count166
\l__regex_min_active_int=\count167
\l__regex_max_active_int=\count168
\l__regex_replacement_csnames_int=\count169
\l__regex_match_count_int=\count170
\l__regex_min_submatch_int=\count171
\l__regex_submatch_int=\count172
\l__regex_zeroth_submatch_int=\count173
\g__regex_trace_regex_int=\count174
\c_empty_box=\box27
\l_tmpa_box=\box28
\l_tmpb_box=\box29
\g_tmpa_box=\box30
\g_tmpb_box=\box31
\l__box_top_dim=\dimen110
\l__box_bottom_dim=\dimen111
\l__box_left_dim=\dimen112
\l__box_right_dim=\dimen113
\l__box_top_new_dim=\dimen114
\l__box_bottom_new_dim=\dimen115
\l__box_left_new_dim=\dimen116
\l__box_right_new_dim=\dimen117
\l__box_internal_box=\box32
\l__coffin_internal_box=\box33
\l__coffin_internal_dim=\dimen118
\l__coffin_offset_x_dim=\dimen119
\l__coffin_offset_y_dim=\dimen120
\l__coffin_x_dim=\dimen121
\l__coffin_y_dim=\dimen122
\l__coffin_x_prime_dim=\dimen123
\l__coffin_y_prime_dim=\dimen124
\c_empty_coffin=\box34
\l__coffin_aligned_coffin=\box35
\l__coffin_aligned_internal_coffin=\box36
\l_tmpa_coffin=\box37
\l_tmpb_coffin=\box38
\g_tmpa_coffin=\box39
\g_tmpb_coffin=\box40
\l__coffin_bounding_shift_dim=\dimen125
\l__coffin_left_corner_dim=\dimen126
\l__coffin_right_corner_dim=\dimen127
\l__coffin_bottom_corner_dim=\dimen128
\l__coffin_top_corner_dim=\dimen129
\l__coffin_scaled_total_height_dim=\dimen130
\l__coffin_scaled_width_dim=\dimen131
\c__coffin_empty_coffin=\box41
\l__coffin_display_coffin=\box42
\l__coffin_display_coord_coffin=\box43
\l__coffin_display_pole_coffin=\box44
\l__coffin_display_offset_dim=\dimen132
\l__coffin_display_x_dim=\dimen133
\l__coffin_display_y_dim=\dimen134
\g__char_data_ior=\read1

(/usr/local/texlive/2019basic/texmf-dist/tex/latex/l3kernel/l3deprecation.def
File: l3deprecation.def 2019-04-06 v L3 Deprecated functions
))
(/usr/local/texlive/2019basic/texmf-dist/tex/latex/l3backend/l3backend-pdfmode.
def
File: l3backend-pdfmode.def 2019-04-06 v L3 backend support: PDF mode
\l__kernel_color_stack_int=\count175
\l__pdf_internal_box=\box45
))
Package: xparse 2019-05-28 L3 Experimental document command parser
\l__xparse_current_arg_int=\count176
\g__xparse_grabber_int=\count177
\l__xparse_m_args_int=\count178
\l__xparse_v_nesting_int=\count179
) (/usr/local/texlive/2019basic/texmf-dist/tex/latex/amsmath/amsmath.sty
Package: amsmath 2019/04/01 v2.17c AMS math features
\@mathmargin=\skip49

For additional information on amsmath, use the `?' option.
(/usr/local/texlive/2019basic/texmf-dist/tex/latex/amsmath/amstext.sty
Package: amstext 2000/06/29 v2.01 AMS text

(/usr/local/texlive/2019basic/texmf-dist/tex/latex/amsmath/amsgen.sty
File: amsgen.sty 1999/11/30 v2.0 generic functions
\@emptytoks=\toks14
\ex@=\dimen135
))
(/usr/local/texlive/2019basic/texmf-dist/tex/latex/amsmath/amsbsy.sty
Package: amsbsy 1999/11/29 v1.2d Bold Symbols
\pmbraise@=\dimen136
)
(/usr/local/texlive/2019basic/texmf-dist/tex/latex/amsmath/amsopn.sty
Package: amsopn 2016/03/08 v2.02 operator names
)
\inf@bad=\count180
LaTeX Info: Redefining \frac on input line 227.
\uproot@=\count181
\leftroot@=\count182
LaTeX Info: Redefining \overline on input line 389.
\classnum@=\count183
\DOTSCASE@=\count184
LaTeX Info: Redefining \ldots on input line 486.
LaTeX Info: Redefining \dots on input line 489.
LaTeX Info: Redefining \cdots on input line 610.
\Mathstrutbox@=\box46
\strutbox@=\box47
\big@size=\dimen137
LaTeX Font Info:    Redeclaring font encoding OML on input line 733.
LaTeX Font Info:    Redeclaring font encoding OMS on input line 734.
\macc@depth=\count185
\c@MaxMatrixCols=\count186
\dotsspace@=\muskip16
\c@parentequation=\count187
\dspbrk@lvl=\count188
\tag@help=\toks15
\row@=\count189
\column@=\count190
\maxfields@=\count191
\andhelp@=\toks16
\eqnshift@=\dimen138
\alignsep@=\dimen139
\tagshift@=\dimen140
\tagwidth@=\dimen141
\totwidth@=\dimen142
\lineht@=\dimen143
\@envbody=\toks17
\multlinegap=\skip50
\multlinetaggap=\skip51
\mathdisplay@stack=\toks18
LaTeX Info: Redefining \[ on input line 2855.
LaTeX Info: Redefining \] on input line 2856.
))
(/usr/local/texlive/2019basic/texmf-dist/tex/latex/amsfonts/amssymb.sty
Package: amssymb 2013/01/14 v3.01 AMS font symbols

(/usr/local/texlive/2019basic/texmf-dist/tex/latex/amsfonts/amsfonts.sty
Package: amsfonts 2013/01/14 v3.01 Basic AMSFonts support
\symAMSa=\mathgroup4
\symAMSb=\mathgroup5
LaTeX Font Info:    Redeclaring math symbol \hbar on input line 98.
LaTeX Font Info:    Overwriting math alphabet `\mathfrak' in version `bold'
(Font)                  U/euf/m/n --> U/euf/b/n on input line 106.
))
(/usr/local/texlive/2019basic/texmf-dist/tex/latex/amscls/amsthm.sty
Package: amsthm 2017/10/31 v2.20.4
\thm@style=\toks19
\thm@bodyfont=\toks20
\thm@headfont=\toks21
\thm@notefont=\toks22
\thm@headpunct=\toks23
\thm@preskip=\skip52
\thm@postskip=\skip53
\thm@headsep=\skip54
\dth@everypar=\toks24
)
(/usr/local/texlive/2019basic/texmf-dist/tex/latex/braket/braket.sty)
(/usr/local/texlive/2019basic/texmf-dist/tex/latex/base/inputenc.sty
Package: inputenc 2018/08/11 v1.3c Input encoding file
\inpenc@prehook=\toks25
\inpenc@posthook=\toks26
)
(/usr/local/texlive/2019basic/texmf-dist/tex/latex/showlabels/showlabels.sty
Package: showlabels 2016/06/09 v1.8

Package: `showlabels' v1.8 <2016/06/09>
with amsmath equation tags
\SL@labelposition=\count192
) (/usr/local/texlive/2019basic/texmf-dist/tex/latex/cases/cases.sty
Package: cases 2002/05/02 ver 2.5 
)
(/usr/local/texlive/2019basic/texmf-dist/tex/latex/mathtools/mathtools.sty
Package: mathtools 2019/07/31 v1.22 mathematical typesetting tools

(/usr/local/texlive/2019basic/texmf-dist/tex/latex/graphics/keyval.sty
Package: keyval 2014/10/28 v1.15 key=value parser (DPC)
\KV@toks@=\toks27
)
(/usr/local/texlive/2019basic/texmf-dist/tex/latex/tools/calc.sty
Package: calc 2017/05/25 v4.3 Infix arithmetic (KKT,FJ)
\calc@Acount=\count193
\calc@Bcount=\count194
\calc@Adimen=\dimen144
\calc@Bdimen=\dimen145
\calc@Askip=\skip55
\calc@Bskip=\skip56
LaTeX Info: Redefining \setlength on input line 80.
LaTeX Info: Redefining \addtolength on input line 81.
\calc@Ccount=\count195
\calc@Cskip=\skip57
)
(/usr/local/texlive/2019basic/texmf-dist/tex/latex/mathtools/mhsetup.sty
Package: mhsetup 2017/03/31 v1.3 programming setup (MH)
)
LaTeX Info: Thecontrolsequence`\('isalreadyrobust on input line 129.
LaTeX Info: Thecontrolsequence`\)'isalreadyrobust on input line 129.
LaTeX Info: Thecontrolsequence`\['isalreadyrobust on input line 129.
LaTeX Info: Thecontrolsequence`\]'isalreadyrobust on input line 129.
\g_MT_multlinerow_int=\count196
\l_MT_multwidth_dim=\dimen146
\origjot=\skip58
\l_MT_shortvdotswithinadjustabove_dim=\dimen147
\l_MT_shortvdotswithinadjustbelow_dim=\dimen148
\l_MT_above_intertext_sep=\dimen149
\l_MT_below_intertext_sep=\dimen150
\l_MT_above_shortintertext_sep=\dimen151
\l_MT_below_shortintertext_sep=\dimen152
)
(/usr/local/texlive/2019basic/texmf-dist/tex/latex/pythontex/pythontex.sty
Package: pythontex 2019/09/22 v0.17 execute and typeset Python code and other l
anguages

(/usr/local/texlive/2019basic/texmf-dist/tex/latex/fvextra/fvextra.sty
Package: fvextra 2019/02/04 v1.4 fvextra - extensions and patches for fancyvrb

(/usr/local/texlive/2019basic/texmf-dist/tex/latex/base/ifthen.sty
Package: ifthen 2014/09/29 v1.1c Standard LaTeX ifthen package (DPC)
)
(/usr/local/texlive/2019basic/texmf-dist/tex/latex/etoolbox/etoolbox.sty
Package: etoolbox 2019/09/21 v2.5h e-TeX tools for LaTeX (JAW)
\etb@tempcnta=\count197
)
(/usr/local/texlive/2019basic/texmf-dist/tex/latex/fancyvrb/fancyvrb.sty
Package: fancyvrb 2019/01/15

Style option: `fancyvrb' v3.2a <2019/01/15> (tvz)
\FV@CodeLineNo=\count198
\FV@InFile=\read2
\FV@TabBox=\box48
\c@FancyVerbLine=\count199
\FV@StepNumber=\count266
\FV@OutFile=\write3
)
(/usr/local/texlive/2019basic/texmf-dist/tex/latex/upquote/upquote.sty
Package: upquote 2012/04/19 v1.3 upright-quote and grave-accent glyphs in verba
tim
)
(/usr/local/texlive/2019basic/texmf-dist/tex/latex/lineno/lineno.sty
Package: lineno 2005/11/02 line numbers on paragraphs v4.41
\linenopenalty=\count267
\output=\toks28
\linenoprevgraf=\count268
\linenumbersep=\dimen153
\linenumberwidth=\dimen154
\c@linenumber=\count269
\c@pagewiselinenumber=\count270
\c@LN@truepage=\count271
\c@internallinenumber=\count272
\c@internallinenumbers=\count273
\quotelinenumbersep=\dimen155
\bframerule=\dimen156
\bframesep=\dimen157
\bframebox=\box49
LaTeX Info: Redefining \\ on input line 3056.
)
\c@FV@TrueTabGroupLevel=\count274
\c@FV@TrueTabCounter=\count275
\FV@TabBox@Group=\box50
\FV@TmpLength=\skip59
\c@FV@HighlightLinesStart=\count276
\c@FV@HighlightLinesStop=\count277
\FV@LoopCount=\count278
\FV@NCharsBox=\box51
\FV@BreakIndent=\dimen158
\FV@BreakIndentNChars=\count279
\FV@BreakSymbolSepLeft=\dimen159
\FV@BreakSymbolSepLeftNChars=\count280
\FV@BreakSymbolSepRight=\dimen160
\FV@BreakSymbolSepRightNChars=\count281
\FV@BreakSymbolIndentLeft=\dimen161
\FV@BreakSymbolIndentLeftNChars=\count282
\FV@BreakSymbolIndentRight=\dimen162
\FV@BreakSymbolIndentRightNChars=\count283
\c@FancyVerbLineBreakLast=\count284
\FV@LineBox=\box52
\FV@LineIndentBox=\box53
\FV@LineWidth=\dimen163
)
(/usr/local/texlive/2019basic/texmf-dist/tex/generic/xstring/xstring.sty
(/usr/local/texlive/2019basic/texmf-dist/tex/generic/xstring/xstring.tex
\integerpart=\count285
\decimalpart=\count286
)
Package: xstring 2019/02/06 v1.83 String manipulations (CT)
)
(/usr/local/texlive/2019basic/texmf-dist/tex/latex/pgfopts/pgfopts.sty
Package: pgfopts 2014/07/10 v2.1a LaTeX package options with pgfkeys

(/usr/local/texlive/2019basic/texmf-dist/tex/latex/pgf/utilities/pgfkeys.sty
(/usr/local/texlive/2019basic/texmf-dist/tex/generic/pgf/utilities/pgfkeys.code
.tex
\pgfkeys@pathtoks=\toks29
\pgfkeys@temptoks=\toks30

(/usr/local/texlive/2019basic/texmf-dist/tex/generic/pgf/utilities/pgfkeysfilte
red.code.tex
\pgfkeys@tmptoks=\toks31
)))
\pgfopts@list@add@a@toks=\toks32
\pgfopts@list@add@b@toks=\toks33
)
(/usr/local/texlive/2019basic/texmf-dist/tex/latex/caption/newfloat.sty
Package: newfloat 2019/09/01 v1.1k Defining new floating environments (AR)
)
(/usr/local/texlive/2019basic/texmf-dist/tex/latex/currfile/currfile.sty
Package: currfile 2015/04/23 v0.7c Provides the file path elements of the curre
nt input file

(/usr/local/texlive/2019basic/texmf-dist/tex/latex/oberdiek/kvoptions.sty
Package: kvoptions 2016/05/16 v3.12 Key value format for package options (HO)

(/usr/local/texlive/2019basic/texmf-dist/tex/generic/oberdiek/ltxcmds.sty
Package: ltxcmds 2016/05/16 v1.23 LaTeX kernel commands for general use (HO)
)
(/usr/local/texlive/2019basic/texmf-dist/tex/generic/oberdiek/kvsetkeys.sty
Package: kvsetkeys 2016/05/16 v1.17 Key value parser (HO)

(/usr/local/texlive/2019basic/texmf-dist/tex/generic/oberdiek/infwarerr.sty
Package: infwarerr 2016/05/16 v1.4 Providing info/warning/error messages (HO)
)
(/usr/local/texlive/2019basic/texmf-dist/tex/generic/oberdiek/etexcmds.sty
Package: etexcmds 2016/05/16 v1.6 Avoid name clashes with e-TeX commands (HO)

(/usr/local/texlive/2019basic/texmf-dist/tex/generic/oberdiek/ifluatex.sty
Package: ifluatex 2016/05/16 v1.4 Provides the ifluatex switch (HO)
Package ifluatex Info: LuaTeX not detected.
))))
(/usr/local/texlive/2019basic/texmf-dist/tex/latex/filehook/filehook.sty
Package: filehook 2019/10/03 v0.6 Hooks for input files
)
\c@currfiledepth=\count287
)
\pytx@codefile=\write4
\openout4 = `ubb_calculation.pytxcode'.

\c@pytx@FancyVerbLineTemp=\count288
\c@pytx@py@default@default=\count289
\c@pytx@pycon@default@default=\count290
\c@pytx@sympy@default@default=\count291
\c@pytx@sympycon@default@default=\count292
\c@pytx@pylab@default@default=\count293
\c@pytx@pylabcon@default@default=\count294
)
(/usr/local/texlive/2019basic/texmf-dist/tex/latex/xcolor/xcolor.sty
Package: xcolor 2016/05/11 v2.12 LaTeX color extensions (UK)

(/usr/local/texlive/2019basic/texmf-dist/tex/latex/graphics-cfg/color.cfg
File: color.cfg 2016/01/02 v1.6 sample color configuration
)
Package xcolor Info: Driver file: pdftex.def on input line 225.

(/usr/local/texlive/2019basic/texmf-dist/tex/latex/graphics-def/pdftex.def
File: pdftex.def 2018/01/08 v1.0l Graphics/color driver for pdftex
)
Package xcolor Info: Model `cmy' substituted by `cmy0' on input line 1348.
Package xcolor Info: Model `hsb' substituted by `rgb' on input line 1352.
Package xcolor Info: Model `RGB' extended on input line 1364.
Package xcolor Info: Model `HTML' substituted by `rgb' on input line 1366.
Package xcolor Info: Model `Hsb' substituted by `hsb' on input line 1367.
Package xcolor Info: Model `tHsb' substituted by `hsb' on input line 1368.
Package xcolor Info: Model `HSB' substituted by `hsb' on input line 1369.
Package xcolor Info: Model `Gray' substituted by `gray' on input line 1370.
Package xcolor Info: Model `wave' substituted by `hsb' on input line 1371.
)
(./ubb_calculation.aux)
\openout1 = `ubb_calculation.aux'.

LaTeX Font Info:    Checking defaults for OML/cmm/m/it on input line 14.
LaTeX Font Info:    ... okay on input line 14.
LaTeX Font Info:    Checking defaults for T1/cmr/m/n on input line 14.
LaTeX Font Info:    ... okay on input line 14.
LaTeX Font Info:    Checking defaults for OT1/cmr/m/n on input line 14.
LaTeX Font Info:    ... okay on input line 14.
LaTeX Font Info:    Checking defaults for OMS/cmsy/m/n on input line 14.
LaTeX Font Info:    ... okay on input line 14.
LaTeX Font Info:    Checking defaults for OMX/cmex/m/n on input line 14.
LaTeX Font Info:    ... okay on input line 14.
LaTeX Font Info:    Checking defaults for U/cmr/m/n on input line 14.
LaTeX Font Info:    ... okay on input line 14.

(/usr/local/texlive/2019basic/texmf-dist/tex/latex/graphics/graphicx.sty
Package: graphicx 2017/06/01 v1.1a Enhanced LaTeX Graphics (DPC,SPQR)

(/usr/local/texlive/2019basic/texmf-dist/tex/latex/graphics/graphics.sty
Package: graphics 2019/07/20 v1.3b Standard LaTeX Graphics (DPC,SPQR)

(/usr/local/texlive/2019basic/texmf-dist/tex/latex/graphics/trig.sty
Package: trig 2016/01/03 v1.10 sin cos tan (DPC)
)
(/usr/local/texlive/2019basic/texmf-dist/tex/latex/graphics-cfg/graphics.cfg
File: graphics.cfg 2016/06/04 v1.11 sample graphics configuration
)
Package graphics Info: Driver file: pdftex.def on input line 105.
)
\Gin@req@height=\dimen164
\Gin@req@width=\dimen165
)
No file pythontex-files-ubb_calculation/ubb_calculation.pytxmcr.
Run PythonTeX to create it.
Package newfloat Info: New float `listing' with options `fileext=lopytx' on inp
ut line 14.
\c@listing=\count295
\newfloat@ftype=\count296
Package newfloat Info: float type `listing'=8 on input line 14.
(/usr/local/texlive/2019basic/texmf-dist/tex/context/base/mkii/supp-pdf.mkii
[Loading MPS to PDF converter (version 2006.09.02).]
\scratchcounter=\count297
\scratchdimen=\dimen166
\scratchbox=\box54
\nofMPsegments=\count298
\nofMParguments=\count299
\everyMPshowfont=\toks34
\MPscratchCnt=\count300
\MPscratchDim=\dimen167
\MPnumerator=\count301
\makeMPintoPDFobject=\count302
\everyMPtoPDFconversion=\toks35
) (/usr/local/texlive/2019basic/texmf-dist/tex/latex/oberdiek/epstopdf-base.sty
Package: epstopdf-base 2016/05/15 v2.6 Base part for package epstopdf
(/usr/local/texlive/2019basic/texmf-dist/tex/latex/oberdiek/grfext.sty
Package: grfext 2016/05/16 v1.2 Manage graphics extensions (HO)

(/usr/local/texlive/2019basic/texmf-dist/tex/generic/oberdiek/kvdefinekeys.sty
Package: kvdefinekeys 2016/05/16 v1.4 Define keys (HO)
)) (/usr/local/texlive/2019basic/texmf-dist/tex/generic/oberdiek/pdftexcmds.sty
Package: pdftexcmds 2019/07/25 v0.30 Utility functions of pdfTeX for LuaTeX (HO
)

(/usr/local/texlive/2019basic/texmf-dist/tex/generic/oberdiek/ifpdf.sty
Package: ifpdf 2018/09/07 v3.3 Provides the ifpdf switch
)
Package pdftexcmds Info: LuaTeX not detected.
Package pdftexcmds Info: \pdf@primitive is available.
Package pdftexcmds Info: \pdf@ifprimitive is available.
Package pdftexcmds Info: \pdfdraftmode found.
)
Package epstopdf-base Info: Redefining graphics rule for `.eps' on input line 4
38.
Package grfext Info: Graphics extension search list:
(grfext)             [.pdf,.png,.jpg,.mps,.jpeg,.jbig2,.jb2,.PDF,.PNG,.JPG,.JPE
G,.JBIG2,.JB2,.eps]
(grfext)             \AppendGraphicsExtensions on input line 456.

(/usr/local/texlive/2019basic/texmf-dist/tex/latex/latexconfig/epstopdf-sys.cfg
File: epstopdf-sys.cfg 2010/07/13 v1.3 Configuration of (r)epstopdf for TeX Liv
e
))
Overfull \hbox (517.72545pt too wide) in paragraph at lines 31--31
[]\OT1/cmtt/m/n/12 $\ket{\Psi}_{0}=(x_{0}\ket{0}+y_{0}\ket{1})_{A}\otimes ((a_{
0})^{00}\ket{00}+(a_{0})^{01}\ket{01}+(a_{0})^{10}\ket{10}+(a_{0})^{11}\ket{11}
)_{BC}$,[] 
 []


Overfull \hbox (517.72545pt too wide) in paragraph at lines 31--31
[]\OT1/cmtt/m/n/12 $\ket{\Psi}_{1}=(x_{1}\ket{0}+y_{1}\ket{1})_{A}\otimes ((a_{
1})^{00}\ket{00}+(a_{1})^{01}\ket{01}+(a_{1})^{10}\ket{10}+(a_{1})^{11}\ket{11}
)_{BC}$,[] 
 []


Overfull \hbox (517.72545pt too wide) in paragraph at lines 31--31
[]\OT1/cmtt/m/n/12 $\ket{\Psi}_{2}=(x_{2}\ket{0}+y_{2}\ket{1})_{A}\otimes ((a_{
2})^{00}\ket{00}+(a_{2})^{01}\ket{01}+(a_{2})^{10}\ket{10}+(a_{2})^{11}\ket{11}
)_{BC}$,[] 
 []


Overfull \hbox (511.55045pt too wide) in paragraph at lines 31--31
[]\OT1/cmtt/m/n/12 $\ket{\Psi}_{3}=(x_{3}\ket{0}+y_{3}\ket{1})_{A}\otimes((a_{3
})^{00}\ket{00}+(a_{3})^{01}\ket{01}+(a_{3})^{10}\ket{10}+(a_{3})^{11}\ket{11})
_{BC}$,[] 
 []


Overfull \hbox (97.82524pt too wide) in paragraph at lines 31--31
[]\OT1/cmtt/m/n/12 $\ket{\Psi}_{4}=\ket{0}_{B}\otimes(a_{4}^{00}\ket{00}+a_{4}^
{11}\ket{11})_{AC}$[] 
 []


! LaTeX Error: There's no line here to end.

See the LaTeX manual or LaTeX Companion for explanation.
Type  H <return>  for immediate help.
 ...                                              
                                                  
l.32 \newline
              \\
Your command was ignored.
Type  I <command> <return>  to replace it with another command,
or  <return>  to continue without it.


! LaTeX Error: There's no line here to end.

See the LaTeX manual or LaTeX Companion for explanation.
Type  H <return>  for immediate help.
 ...                                              
                                                  
l.33 w
      here $|x_{i}|^{2}+|y_{i}|^{2}=1     $ $       ,i=0,1,2,3,$,
Your command was ignored.
Type  I <command> <return>  to replace it with another command,
or  <return>  to continue without it.

LaTeX Font Info:    Trying to load font information for U+msa on input line 33.

(/usr/local/texlive/2019basic/texmf-dist/tex/latex/amsfonts/umsa.fd
File: umsa.fd 2013/01/14 v3.01 AMS symbols A
)
LaTeX Font Info:    Trying to load font information for U+msb on input line 33.


(/usr/local/texlive/2019basic/texmf-dist/tex/latex/amsfonts/umsb.fd
File: umsb.fd 2013/01/14 v3.01 AMS symbols B
)
Underfull \hbox (badness 10000) in paragraph at lines 33--52

 []


Underfull \hbox (badness 10000) in paragraph at lines 33--52

 []


Underfull \hbox (badness 10000) in paragraph at lines 33--52

 []


Underfull \hbox (badness 10000) in paragraph at lines 33--52

 []


Underfull \hbox (badness 10000) in paragraph at lines 33--52

 []


Underfull \hbox (badness 10000) in paragraph at lines 33--52

 []


Underfull \hbox (badness 10000) in paragraph at lines 33--52

 []


Underfull \hbox (badness 10000) in paragraph at lines 33--52

 []


Underfull \hbox (badness 10000) in paragraph at lines 57--61

 []


Underfull \hbox (badness 10000) in paragraph at lines 57--61

 []

[1

{/usr/local/texlive/2019basic/texmf-var/fonts/map/pdftex/updmap/pdftex.map}]
Underfull \hbox (badness 10000) in paragraph at lines 70--72

 []


Underfull \hbox (badness 10000) in paragraph at lines 70--72

 []


Underfull \hbox (badness 10000) in paragraph at lines 84--86

 []


Underfull \hbox (badness 10000) in paragraph at lines 84--86

 []


Underfull \hbox (badness 10000) in paragraph at lines 87--99

 []


Overfull \hbox (18.06734pt too wide) in paragraph at lines 87--99
[][] \OT1/cmr/m/n/12 = \OML/cmm/m/it/12 x[]\OT1/cmr/m/n/12 (\OML/cmm/m/it/12 a[
]\OT1/cmr/m/n/12 )[] [] + \OML/cmm/m/it/12 x[]\OT1/cmr/m/n/12 (\OML/cmm/m/it/12
 a[]\OT1/cmr/m/n/12 )[] [] + \OML/cmm/m/it/12 x[]\OT1/cmr/m/n/12 (\OML/cmm/m/it
/12 a[]\OT1/cmr/m/n/12 )[] [] + \OML/cmm/m/it/12 x[]\OT1/cmr/m/n/12 (\OML/cmm/m
/it/12 a[]\OT1/cmr/m/n/12 )[] [] + \OML/cmm/m/it/12 y[]\OT1/cmr/m/n/12 (\OML/cm
m/m/it/12 a[]\OT1/cmr/m/n/12 )[] [] +
 []


Underfull \hbox (badness 10000) in paragraph at lines 87--99

 []


Underfull \hbox (badness 10000) in paragraph at lines 87--99

 []


Underfull \hbox (badness 10000) in paragraph at lines 87--99

 []


Underfull \hbox (badness 10000) in paragraph at lines 87--99

 []


Underfull \hbox (badness 10000) in paragraph at lines 87--99

 []


Underfull \hbox (badness 10000) in paragraph at lines 107--109

 []


Underfull \hbox (badness 10000) in paragraph at lines 107--109

 []


Overfull \hbox (103.6382pt too wide) detected at line 114
\OML/cmm/m/it/12 B \OT1/cmr/m/n/12 = []
 []

[2]
Underfull \hbox (badness 10000) in paragraph at lines 114--121

 []


Underfull \hbox (badness 10000) in paragraph at lines 114--121

 []


Underfull \hbox (badness 10000) in paragraph at lines 114--121

 []


Underfull \hbox (badness 10000) in paragraph at lines 114--121

 []


Overfull \hbox (1.23097pt too wide) in paragraph at lines 114--121
\OT1/cmr/m/n/12 (\OML/cmm/m/it/12 i\OT1/cmr/m/n/12 ) :$ As-sume we have a vec-t
or $[] = (\OML/cmm/m/it/12 x[] [] \OT1/cmr/m/n/12 + \OML/cmm/m/it/12 y[] []\OT1
/cmr/m/n/12 )[] \OMS/cmsy/m/n/12 
 \OT1/cmr/m/n/12 ((\OML/cmm/m/it/12 a[]\OT1/cmr/m/n/12 )[] [] + (\OML/cmm/m/it/
12 a[]\OT1/cmr/m/n/12 )[] [] +
 []


Underfull \hbox (badness 10000) in paragraph at lines 122--125

 []


Underfull \hbox (badness 10000) in paragraph at lines 130--132

 []


Underfull \hbox (badness 10000) in paragraph at lines 130--132

 []


Overfull \hbox (128.38266pt too wide) detected at line 137
\OML/cmm/m/it/12 D \OT1/cmr/m/n/12 = []
 []


Underfull \hbox (badness 10000) in paragraph at lines 137--164

 []


Overfull \hbox (3.06717pt too wide) in paragraph at lines 137--164
\OT1/cmr/m/n/12 (\OML/cmm/m/it/12 ii\OT1/cmr/m/n/12 ) :$Assume we have a vec-to
r $[] = (\OML/cmm/m/it/12 x[] [] \OT1/cmr/m/n/12 + \OML/cmm/m/it/12 y[] []\OT1/
cmr/m/n/12 )[] \OMS/cmsy/m/n/12 
 \OT1/cmr/m/n/12 ((\OML/cmm/m/it/12 a[]\OT1/cmr/m/n/12 )[] [] + (\OML/cmm/m/it/
12 a[]\OT1/cmr/m/n/12 )[] [] +
 []


Underfull \hbox (badness 10000) in paragraph at lines 137--164

 []


Underfull \hbox (badness 10000) in paragraph at lines 137--164

 []


Overfull \hbox (18.06734pt too wide) in paragraph at lines 137--164
[][] \OT1/cmr/m/n/12 = \OML/cmm/m/it/12 x[]\OT1/cmr/m/n/12 (\OML/cmm/m/it/12 a[
]\OT1/cmr/m/n/12 )[] [] + \OML/cmm/m/it/12 x[]\OT1/cmr/m/n/12 (\OML/cmm/m/it/12
 a[]\OT1/cmr/m/n/12 )[] [] + \OML/cmm/m/it/12 x[]\OT1/cmr/m/n/12 (\OML/cmm/m/it
/12 a[]\OT1/cmr/m/n/12 )[] [] + \OML/cmm/m/it/12 x[]\OT1/cmr/m/n/12 (\OML/cmm/m
/it/12 a[]\OT1/cmr/m/n/12 )[] [] + \OML/cmm/m/it/12 y[]\OT1/cmr/m/n/12 (\OML/cm
m/m/it/12 a[]\OT1/cmr/m/n/12 )[] [] +
 []


Underfull \hbox (badness 10000) in paragraph at lines 137--164

 []


Overfull \hbox (25.13385pt too wide) in paragraph at lines 137--164
[] \OT1/cmr/m/n/12 = \OML/cmm/m/it/12 x[]\OT1/cmr/m/n/12 (\OML/cmm/m/it/12 a[]\
OT1/cmr/m/n/12 )[] [] + \OML/cmm/m/it/12 x[]\OT1/cmr/m/n/12 (\OML/cmm/m/it/12 a
[]\OT1/cmr/m/n/12 )[] [] + \OML/cmm/m/it/12 x[]\OT1/cmr/m/n/12 (\OML/cmm/m/it/1
2 a[]\OT1/cmr/m/n/12 )[] [] + \OML/cmm/m/it/12 x[]\OT1/cmr/m/n/12 (\OML/cmm/m/i
t/12 a[]\OT1/cmr/m/n/12 )[] [] + \OML/cmm/m/it/12 y[]\OT1/cmr/m/n/12 (\OML/cmm/
m/it/12 a[]\OT1/cmr/m/n/12 )[] [] +
 []


Underfull \hbox (badness 10000) in paragraph at lines 137--164

 []


Underfull \hbox (badness 10000) in paragraph at lines 137--164

 []


Overfull \hbox (41.82556pt too wide) in paragraph at lines 137--164
\OML/cmm/m/it/12 x[]\OT1/cmr/m/n/12 (\OML/cmm/m/it/12 a[]\OT1/cmr/m/n/12 )[]\OM
L/cmm/m/it/12 x[]\OT1/cmr/m/n/12 (\OML/cmm/m/it/12 a[]\OT1/cmr/m/n/12 )[] + \OM
L/cmm/m/it/12 x[]\OT1/cmr/m/n/12 (\OML/cmm/m/it/12 a[]\OT1/cmr/m/n/12 )[]\OML/c
mm/m/it/12 x[]\OT1/cmr/m/n/12 (\OML/cmm/m/it/12 a[]\OT1/cmr/m/n/12 )[] + \OML/c
mm/m/it/12 x[]\OT1/cmr/m/n/12 (\OML/cmm/m/it/12 a[]\OT1/cmr/m/n/12 )[]\OML/cmm/
m/it/12 y[]\OT1/cmr/m/n/12 (\OML/cmm/m/it/12 a[]\OT1/cmr/m/n/12 )[] + \OML/cmm/
m/it/12 x[]\OT1/cmr/m/n/12 (\OML/cmm/m/it/12 a[]\OT1/cmr/m/n/12 )[]\OML/cmm/m/i
t/12 y[]\OT1/cmr/m/n/12 (\OML/cmm/m/it/12 a[]\OT1/cmr/m/n/12 )[] + \OML/cmm/m/i
t/12 y[]\OT1/cmr/m/n/12 (\OML/cmm/m/it/12 a[]\OT1/cmr/m/n/12 )[]\OML/cmm/m/it/1
2 y[]\OT1/cmr/m/n/12 (\OML/cmm/m/it/12 a[]\OT1/cmr/m/n/12 )[] +
 []


Underfull \hbox (badness 10000) in paragraph at lines 137--164

 []


Underfull \hbox (badness 10000) in paragraph at lines 137--164

 []


Underfull \hbox (badness 10000) in paragraph at lines 137--164

 []


Overfull \hbox (25.13385pt too wide) in paragraph at lines 137--164
[] \OT1/cmr/m/n/12 = \OML/cmm/m/it/12 x[]\OT1/cmr/m/n/12 (\OML/cmm/m/it/12 a[]\
OT1/cmr/m/n/12 )[] [] + \OML/cmm/m/it/12 x[]\OT1/cmr/m/n/12 (\OML/cmm/m/it/12 a
[]\OT1/cmr/m/n/12 )[] [] + \OML/cmm/m/it/12 x[]\OT1/cmr/m/n/12 (\OML/cmm/m/it/1
2 a[]\OT1/cmr/m/n/12 )[] [] + \OML/cmm/m/it/12 x[]\OT1/cmr/m/n/12 (\OML/cmm/m/i
t/12 a[]\OT1/cmr/m/n/12 )[] [] + \OML/cmm/m/it/12 y[]\OT1/cmr/m/n/12 (\OML/cmm/
m/it/12 a[]\OT1/cmr/m/n/12 )[] [] +
 []


Underfull \hbox (badness 10000) in paragraph at lines 137--164

 []


Underfull \hbox (badness 10000) in paragraph at lines 137--164

 []


Underfull \hbox (badness 10000) in paragraph at lines 137--164

 []

[3]
Overfull \hbox (73.70334pt too wide) detected at line 173
\OML/cmm/m/it/12 wehave; []
 []


Underfull \hbox (badness 10000) in paragraph at lines 173--198

 []


Underfull \hbox (badness 10000) in paragraph at lines 173--198

 []


Overfull \hbox (25.13385pt too wide) in paragraph at lines 173--198
[] \OT1/cmr/m/n/12 = \OML/cmm/m/it/12 x[]\OT1/cmr/m/n/12 (\OML/cmm/m/it/12 a[]\
OT1/cmr/m/n/12 )[] [] + \OML/cmm/m/it/12 x[]\OT1/cmr/m/n/12 (\OML/cmm/m/it/12 a
[]\OT1/cmr/m/n/12 )[] [] + \OML/cmm/m/it/12 x[]\OT1/cmr/m/n/12 (\OML/cmm/m/it/1
2 a[]\OT1/cmr/m/n/12 )[] [] + \OML/cmm/m/it/12 x[]\OT1/cmr/m/n/12 (\OML/cmm/m/i
t/12 a[]\OT1/cmr/m/n/12 )[] [] + \OML/cmm/m/it/12 y[]\OT1/cmr/m/n/12 (\OML/cmm/
m/it/12 a[]\OT1/cmr/m/n/12 )[] [] +
 []


Underfull \hbox (badness 10000) in paragraph at lines 173--198

 []


Overfull \hbox (18.06734pt too wide) in paragraph at lines 173--198
[][] \OT1/cmr/m/n/12 = \OML/cmm/m/it/12 x[]\OT1/cmr/m/n/12 (\OML/cmm/m/it/12 a[
]\OT1/cmr/m/n/12 )[] [] + \OML/cmm/m/it/12 x[]\OT1/cmr/m/n/12 (\OML/cmm/m/it/12
 a[]\OT1/cmr/m/n/12 )[] [] + \OML/cmm/m/it/12 x[]\OT1/cmr/m/n/12 (\OML/cmm/m/it
/12 a[]\OT1/cmr/m/n/12 )[] [] + \OML/cmm/m/it/12 x[]\OT1/cmr/m/n/12 (\OML/cmm/m
/it/12 a[]\OT1/cmr/m/n/12 )[] [] + \OML/cmm/m/it/12 y[]\OT1/cmr/m/n/12 (\OML/cm
m/m/it/12 a[]\OT1/cmr/m/n/12 )[] [] +
 []


Underfull \hbox (badness 10000) in paragraph at lines 173--198

 []


Underfull \hbox (badness 10000) in paragraph at lines 173--198

 []


Underfull \hbox (badness 10000) in paragraph at lines 173--198

 []


Underfull \hbox (badness 10000) in paragraph at lines 173--198

 []


Overfull \hbox (44.12961pt too wide) in paragraph at lines 173--198
\OML/cmm/m/it/12 x[]\OT1/cmr/m/n/12 (\OML/cmm/m/it/12 a[]\OT1/cmr/m/n/12 )[]\OM
L/cmm/m/it/12 x[]\OT1/cmr/m/n/12 (\OML/cmm/m/it/12 a[]\OT1/cmr/m/n/12 )[] + \OM
L/cmm/m/it/12 x[]\OT1/cmr/m/n/12 (\OML/cmm/m/it/12 a[]\OT1/cmr/m/n/12 )[]\OML/c
mm/m/it/12 x[]\OT1/cmr/m/n/12 (\OML/cmm/m/it/12 a[]\OT1/cmr/m/n/12 )[] + \OML/c
mm/m/it/12 x[]\OT1/cmr/m/n/12 (\OML/cmm/m/it/12 a[]\OT1/cmr/m/n/12 )[]\OML/cmm/
m/it/12 y[]\OT1/cmr/m/n/12 (\OML/cmm/m/it/12 a[]\OT1/cmr/m/n/12 )[] + \OML/cmm/
m/it/12 x[]\OT1/cmr/m/n/12 (\OML/cmm/m/it/12 a[]\OT1/cmr/m/n/12 )[]\OML/cmm/m/i
t/12 y[]\OT1/cmr/m/n/12 (\OML/cmm/m/it/12 a[]\OT1/cmr/m/n/12 )[] + \OML/cmm/m/i
t/12 y[]\OT1/cmr/m/n/12 (\OML/cmm/m/it/12 a[]\OT1/cmr/m/n/12 )[]\OML/cmm/m/it/1
2 x[]\OT1/cmr/m/n/12 (\OML/cmm/m/it/12 a[]\OT1/cmr/m/n/12 )[] +
 []


Underfull \hbox (badness 10000) in paragraph at lines 173--198

 []


Underfull \hbox (badness 10000) in paragraph at lines 173--198

 []


Underfull \hbox (badness 10000) in paragraph at lines 173--198

 []


Overfull \hbox (25.13385pt too wide) in paragraph at lines 173--198
[] \OT1/cmr/m/n/12 = \OML/cmm/m/it/12 x[]\OT1/cmr/m/n/12 (\OML/cmm/m/it/12 a[]\
OT1/cmr/m/n/12 )[] [] + \OML/cmm/m/it/12 x[]\OT1/cmr/m/n/12 (\OML/cmm/m/it/12 a
[]\OT1/cmr/m/n/12 )[] [] + \OML/cmm/m/it/12 x[]\OT1/cmr/m/n/12 (\OML/cmm/m/it/1
2 a[]\OT1/cmr/m/n/12 )[] [] + \OML/cmm/m/it/12 x[]\OT1/cmr/m/n/12 (\OML/cmm/m/i
t/12 a[]\OT1/cmr/m/n/12 )[] [] + \OML/cmm/m/it/12 y[]\OT1/cmr/m/n/12 (\OML/cmm/
m/it/12 a[]\OT1/cmr/m/n/12 )[] [] +
 []


Underfull \hbox (badness 10000) in paragraph at lines 173--198

 []


Underfull \hbox (badness 10000) in paragraph at lines 173--198

 []

[4]
Overfull \hbox (20.29442pt too wide) detected at line 205
\OML/cmm/m/it/12 wehave []
 []


Underfull \hbox (badness 10000) in paragraph at lines 210--212

 []


Underfull \hbox (badness 10000) in paragraph at lines 210--212

 []


Underfull \hbox (badness 10000) in paragraph at lines 217--224

 []


Underfull \hbox (badness 10000) in paragraph at lines 217--224

 []


Underfull \hbox (badness 10000) in paragraph at lines 217--224

 []


Underfull \hbox (badness 10000) in paragraph at lines 225--240

 []


Underfull \hbox (badness 10000) in paragraph at lines 225--240

 []


Underfull \hbox (badness 10000) in paragraph at lines 225--240

 []


Underfull \hbox (badness 10000) in paragraph at lines 225--240

 []


Underfull \hbox (badness 10000) in paragraph at lines 225--240

 []


Underfull \hbox (badness 10000) in paragraph at lines 225--240

 []


Underfull \hbox (badness 10000) in paragraph at lines 225--240

 []


Underfull \hbox (badness 10000) in paragraph at lines 249--251

 []


Underfull \hbox (badness 10000) in paragraph at lines 249--251

 []

[5]
Underfull \hbox (badness 10000) in paragraph at lines 252--256

 []


Overfull \hbox (18.06734pt too wide) in paragraph at lines 252--256
[][] \OT1/cmr/m/n/12 = \OML/cmm/m/it/12 x[]\OT1/cmr/m/n/12 (\OML/cmm/m/it/12 a[
]\OT1/cmr/m/n/12 )[] [] + \OML/cmm/m/it/12 x[]\OT1/cmr/m/n/12 (\OML/cmm/m/it/12
 a[]\OT1/cmr/m/n/12 )[] [] + \OML/cmm/m/it/12 x[]\OT1/cmr/m/n/12 (\OML/cmm/m/it
/12 a[]\OT1/cmr/m/n/12 )[] [] + \OML/cmm/m/it/12 x[]\OT1/cmr/m/n/12 (\OML/cmm/m
/it/12 a[]\OT1/cmr/m/n/12 )[] [] + \OML/cmm/m/it/12 y[]\OT1/cmr/m/n/12 (\OML/cm
m/m/it/12 a[]\OT1/cmr/m/n/12 )[] [] +
 []


Underfull \hbox (badness 10000) in paragraph at lines 257--264

 []


Overfull \hbox (37.86806pt too wide) in paragraph at lines 257--264
[][] \OT1/cmr/m/n/12 = \OML/cmm/m/it/12 x[]\OT1/cmr/m/n/12 (\OML/cmm/m/it/12 a[
]\OT1/cmr/m/n/12 )[] [][] + \OML/cmm/m/it/12 x[]\OT1/cmr/m/n/12 (\OML/cmm/m/it/
12 a[]\OT1/cmr/m/n/12 )[] [][] + \OML/cmm/m/it/12 x[]\OT1/cmr/m/n/12 (\OML/cmm/
m/it/12 a[]\OT1/cmr/m/n/12 )[] [][] + \OML/cmm/m/it/12 x[]\OT1/cmr/m/n/12 (\OML
/cmm/m/it/12 a[]\OT1/cmr/m/n/12 )[] [][] +
 []


Underfull \hbox (badness 10000) in paragraph at lines 257--264

 []


Underfull \hbox (badness 10000) in paragraph at lines 257--264

 []


Overfull \hbox (45.07755pt too wide) in paragraph at lines 257--264
\OML/cmm/m/it/12 x[]\OT1/cmr/m/n/12 (\OML/cmm/m/it/12 a[]\OT1/cmr/m/n/12 )[]\OM
L/cmm/m/it/12 x[]\OT1/cmr/m/n/12 (\OML/cmm/m/it/12 a[]\OT1/cmr/m/n/12 )[] + \OM
L/cmm/m/it/12 x[]\OT1/cmr/m/n/12 (\OML/cmm/m/it/12 a[]\OT1/cmr/m/n/12 )[]\OML/c
mm/m/it/12 x[]\OT1/cmr/m/n/12 (\OML/cmm/m/it/12 a[]\OT1/cmr/m/n/12 )[] + \OML/c
mm/m/it/12 x[]\OT1/cmr/m/n/12 (\OML/cmm/m/it/12 a[]\OT1/cmr/m/n/12 )[]\OML/cmm/
m/it/12 x[]\OT1/cmr/m/n/12 (\OML/cmm/m/it/12 a[]\OT1/cmr/m/n/12 )[] + \OML/cmm/
m/it/12 x[]\OT1/cmr/m/n/12 (\OML/cmm/m/it/12 a[]\OT1/cmr/m/n/12 )[]\OML/cmm/m/i
t/12 x[]\OT1/cmr/m/n/12 (\OML/cmm/m/it/12 a[]\OT1/cmr/m/n/12 )[] + \OML/cmm/m/i
t/12 y[]\OT1/cmr/m/n/12 (\OML/cmm/m/it/12 a[]\OT1/cmr/m/n/12 )[]\OML/cmm/m/it/1
2 y[]\OT1/cmr/m/n/12 (\OML/cmm/m/it/12 a[]\OT1/cmr/m/n/12 )[] +
 []


Underfull \hbox (badness 10000) in paragraph at lines 268--270

 []


Underfull \hbox (badness 10000) in paragraph at lines 268--270

 []


Underfull \hbox (badness 10000) in paragraph at lines 272--286

 []


Overfull \hbox (18.06734pt too wide) in paragraph at lines 272--286
[][] \OT1/cmr/m/n/12 = \OML/cmm/m/it/12 x[]\OT1/cmr/m/n/12 (\OML/cmm/m/it/12 a[
]\OT1/cmr/m/n/12 )[] [] + \OML/cmm/m/it/12 x[]\OT1/cmr/m/n/12 (\OML/cmm/m/it/12
 a[]\OT1/cmr/m/n/12 )[] [] + \OML/cmm/m/it/12 x[]\OT1/cmr/m/n/12 (\OML/cmm/m/it
/12 a[]\OT1/cmr/m/n/12 )[] [] + \OML/cmm/m/it/12 x[]\OT1/cmr/m/n/12 (\OML/cmm/m
/it/12 a[]\OT1/cmr/m/n/12 )[] [] + \OML/cmm/m/it/12 y[]\OT1/cmr/m/n/12 (\OML/cm
m/m/it/12 a[]\OT1/cmr/m/n/12 )[] [] +
 []


Underfull \hbox (badness 10000) in paragraph at lines 272--286

 []


Underfull \hbox (badness 10000) in paragraph at lines 272--286

 []


Underfull \hbox (badness 10000) in paragraph at lines 272--286

 []


Underfull \hbox (badness 10000) in paragraph at lines 272--286

 []


Underfull \hbox (badness 10000) in paragraph at lines 272--286

 []


Overfull \hbox (20.89926pt too wide) detected at line 300
\OML/cmm/m/it/12 E \OT1/cmr/m/n/12 = []
 []

[6]
Underfull \hbox (badness 10000) in paragraph at lines 300--302

 []


Underfull \hbox (badness 10000) in paragraph at lines 300--302

 []


Underfull \hbox (badness 10000) in paragraph at lines 316--323

 []


Underfull \hbox (badness 10000) in paragraph at lines 316--323

 []


Underfull \hbox (badness 10000) in paragraph at lines 316--323

 []


Underfull \hbox (badness 10000) in paragraph at lines 316--323

 []


Overfull \hbox (1.23097pt too wide) in paragraph at lines 316--323
\OT1/cmr/m/n/12 (\OML/cmm/m/it/12 i\OT1/cmr/m/n/12 ) :$ As-sume we have a vec-t
or $[] = (\OML/cmm/m/it/12 x[] [] \OT1/cmr/m/n/12 + \OML/cmm/m/it/12 y[] []\OT1
/cmr/m/n/12 )[] \OMS/cmsy/m/n/12 
 \OT1/cmr/m/n/12 ((\OML/cmm/m/it/12 a[]\OT1/cmr/m/n/12 )[] [] + (\OML/cmm/m/it/
12 a[]\OT1/cmr/m/n/12 )[] [] +
 []


Underfull \hbox (badness 10000) in paragraph at lines 324--326

 []


Underfull \hbox (badness 10000) in paragraph at lines 324--326

 []


Overfull \hbox (27.78026pt too wide) detected at line 338
\OML/cmm/m/it/12 C \OT1/cmr/m/n/12 = []
 []

[7]
Underfull \hbox (badness 10000) in paragraph at lines 338--354

 []


Underfull \hbox (badness 10000) in paragraph at lines 338--354

 []


Underfull \hbox (badness 10000) in paragraph at lines 338--354

 []


Underfull \hbox (badness 10000) in paragraph at lines 338--354

 []


Underfull \hbox (badness 10000) in paragraph at lines 338--354

 []


Overfull \hbox (251.82187pt too wide) detected at line 366
\OML/cmm/m/it/12 D \OT1/cmr/m/n/12 = []
 []


Underfull \hbox (badness 10000) in paragraph at lines 376--381

 []


Underfull \hbox (badness 10000) in paragraph at lines 376--381

 []


Underfull \hbox (badness 10000) in paragraph at lines 376--381

 []


Underfull \hbox (badness 10000) in paragraph at lines 376--381

 []

[8]
Underfull \hbox (badness 10000) in paragraph at lines 382--390

 []


Overfull \hbox (45.07755pt too wide) in paragraph at lines 382--390
\OML/cmm/m/it/12 x[]\OT1/cmr/m/n/12 (\OML/cmm/m/it/12 a[]\OT1/cmr/m/n/12 )[]\OM
L/cmm/m/it/12 x[]\OT1/cmr/m/n/12 (\OML/cmm/m/it/12 a[]\OT1/cmr/m/n/12 )[] + \OM
L/cmm/m/it/12 x[]\OT1/cmr/m/n/12 (\OML/cmm/m/it/12 a[]\OT1/cmr/m/n/12 )[]\OML/c
mm/m/it/12 x[]\OT1/cmr/m/n/12 (\OML/cmm/m/it/12 a[]\OT1/cmr/m/n/12 )[] + \OML/c
mm/m/it/12 x[]\OT1/cmr/m/n/12 (\OML/cmm/m/it/12 a[]\OT1/cmr/m/n/12 )[]\OML/cmm/
m/it/12 x[]\OT1/cmr/m/n/12 (\OML/cmm/m/it/12 a[]\OT1/cmr/m/n/12 )[] + \OML/cmm/
m/it/12 x[]\OT1/cmr/m/n/12 (\OML/cmm/m/it/12 a[]\OT1/cmr/m/n/12 )[]\OML/cmm/m/i
t/12 x[]\OT1/cmr/m/n/12 (\OML/cmm/m/it/12 a[]\OT1/cmr/m/n/12 )[] + \OML/cmm/m/i
t/12 y[]\OT1/cmr/m/n/12 (\OML/cmm/m/it/12 a[]\OT1/cmr/m/n/12 )[]\OML/cmm/m/it/1
2 y[]\OT1/cmr/m/n/12 (\OML/cmm/m/it/12 a[]\OT1/cmr/m/n/12 )[] +
 []


Underfull \hbox (badness 10000) in paragraph at lines 382--390

 []


Underfull \hbox (badness 10000) in paragraph at lines 382--390

 []


Underfull \hbox (badness 10000) in paragraph at lines 382--390

 []


Underfull \hbox (badness 10000) in paragraph at lines 382--390

 []


Overfull \hbox (120.04076pt too wide) detected at line 397
\OML/cmm/m/it/12 C \OT1/cmr/m/n/12 = []
 []


Underfull \hbox (badness 10000) in paragraph at lines 397--405

 []


Underfull \hbox (badness 10000) in paragraph at lines 397--405

 []


Underfull \hbox (badness 10000) in paragraph at lines 397--405

 []


Overfull \hbox (106.77582pt too wide) detected at line 418
\OML/cmm/m/it/12 D \OT1/cmr/m/n/12 = []
 []


Underfull \hbox (badness 10000) in paragraph at lines 418--420

 []


Underfull \hbox (badness 10000) in paragraph at lines 435--440

 []


Underfull \hbox (badness 10000) in paragraph at lines 435--440

 []


Underfull \hbox (badness 10000) in paragraph at lines 435--440

 []

[9]
Underfull \hbox (badness 10000) in paragraph at lines 441--458

 []


Overfull \hbox (45.68504pt too wide) in paragraph at lines 441--458
\OML/cmm/m/it/12 x[]\OT1/cmr/m/n/12 (\OML/cmm/m/it/12 a[]\OT1/cmr/m/n/12 )[]\OM
L/cmm/m/it/12 x[]\OT1/cmr/m/n/12 (\OML/cmm/m/it/12 a[]\OT1/cmr/m/n/12 )[] + \OM
L/cmm/m/it/12 x[]\OT1/cmr/m/n/12 (\OML/cmm/m/it/12 a[]\OT1/cmr/m/n/12 )[]\OML/c
mm/m/it/12 y\OT1/cmr/m/n/12 5(\OML/cmm/m/it/12 a[]\OT1/cmr/m/n/12 )[] + \OML/cm
m/m/it/12 x[]\OT1/cmr/m/n/12 (\OML/cmm/m/it/12 a[]\OT1/cmr/m/n/12 )[]\OML/cmm/m
/it/12 x[]\OT1/cmr/m/n/12 (\OML/cmm/m/it/12 a[]\OT1/cmr/m/n/12 )[] + \OML/cmm/m
/it/12 x[]\OT1/cmr/m/n/12 (\OML/cmm/m/it/12 a[]\OT1/cmr/m/n/12 )[]\OML/cmm/m/it
/12 y[]\OT1/cmr/m/n/12 (\OML/cmm/m/it/12 a[]\OT1/cmr/m/n/12 )[] + \OML/cmm/m/it
/12 y[]\OT1/cmr/m/n/12 (\OML/cmm/m/it/12 a[]\OT1/cmr/m/n/12 )[]\OML/cmm/m/it/12
 x[]\OT1/cmr/m/n/12 (\OML/cmm/m/it/12 a[]\OT1/cmr/m/n/12 )[] +
 []


Underfull \hbox (badness 10000) in paragraph at lines 441--458

 []


Underfull \hbox (badness 10000) in paragraph at lines 441--458

 []


Underfull \hbox (badness 10000) in paragraph at lines 441--458

 []


Underfull \hbox (badness 10000) in paragraph at lines 441--458

 []


Underfull \hbox (badness 10000) in paragraph at lines 441--458

 []


Underfull \hbox (badness 10000) in paragraph at lines 441--458

 []


Overfull \hbox (114.00078pt too wide) detected at line 468
\OML/cmm/m/it/12 D \OT1/cmr/m/n/12 = []
 []


Underfull \hbox (badness 10000) in paragraph at lines 472--481

 []


Underfull \hbox (badness 10000) in paragraph at lines 472--481

 []


Underfull \hbox (badness 10000) in paragraph at lines 472--481

 []


Underfull \hbox (badness 10000) in paragraph at lines 472--481

 []


Underfull \hbox (badness 10000) in paragraph at lines 472--481

 []


Underfull \hbox (badness 10000) in paragraph at lines 482--496

 []


Underfull \hbox (badness 10000) in paragraph at lines 482--496

 []


Underfull \hbox (badness 10000) in paragraph at lines 482--496

 []


Underfull \hbox (badness 10000) in paragraph at lines 482--496

 []


Underfull \hbox (badness 10000) in paragraph at lines 482--496

 []


Underfull \hbox (badness 10000) in paragraph at lines 482--496

 []

[10]
Underfull \hbox (badness 10000) in paragraph at lines 504--506

 []


Underfull \hbox (badness 10000) in paragraph at lines 504--506

 []


Underfull \hbox (badness 10000) in paragraph at lines 507--517

 []


Overfull \hbox (18.06734pt too wide) in paragraph at lines 507--517
[][] \OT1/cmr/m/n/12 = \OML/cmm/m/it/12 x[]\OT1/cmr/m/n/12 (\OML/cmm/m/it/12 a[
]\OT1/cmr/m/n/12 )[] [] + \OML/cmm/m/it/12 x[]\OT1/cmr/m/n/12 (\OML/cmm/m/it/12
 a[]\OT1/cmr/m/n/12 )[] [] + \OML/cmm/m/it/12 x[]\OT1/cmr/m/n/12 (\OML/cmm/m/it
/12 a[]\OT1/cmr/m/n/12 )[] [] + \OML/cmm/m/it/12 x[]\OT1/cmr/m/n/12 (\OML/cmm/m
/it/12 a[]\OT1/cmr/m/n/12 )[] [] + \OML/cmm/m/it/12 y[]\OT1/cmr/m/n/12 (\OML/cm
m/m/it/12 a[]\OT1/cmr/m/n/12 )[] [] +
 []


Underfull \hbox (badness 10000) in paragraph at lines 507--517

 []


Overfull \hbox (41.36803pt too wide) in paragraph at lines 507--517
[][] \OT1/cmr/m/n/12 = \OML/cmm/m/it/12 x[]\OT1/cmr/m/n/12 (\OML/cmm/m/it/12 a[
]\OT1/cmr/m/n/12 )[] [][] + \OML/cmm/m/it/12 x[]\OT1/cmr/m/n/12 (\OML/cmm/m/it/
12 a[]\OT1/cmr/m/n/12 )[] [][] + \OML/cmm/m/it/12 x[]\OT1/cmr/m/n/12 (\OML/cmm/
m/it/12 a[]\OT1/cmr/m/n/12 )[] [][] + \OML/cmm/m/it/12 x[]\OT1/cmr/m/n/12 (\OML
/cmm/m/it/12 a[]\OT1/cmr/m/n/12 )[] [][] +
 []


Underfull \hbox (badness 10000) in paragraph at lines 507--517

 []


Underfull \hbox (badness 10000) in paragraph at lines 507--517

 []


Overfull \hbox (48.9664pt too wide) in paragraph at lines 507--517
\OML/cmm/m/it/12 x[]\OT1/cmr/m/n/12 (\OML/cmm/m/it/12 a[]\OT1/cmr/m/n/12 )[]\OM
L/cmm/m/it/12 x[]\OT1/cmr/m/n/12 (\OML/cmm/m/it/12 a[]\OT1/cmr/m/n/12 )[] + \OM
L/cmm/m/it/12 x[]\OT1/cmr/m/n/12 (\OML/cmm/m/it/12 a[]\OT1/cmr/m/n/12 )[]\OML/c
mm/m/it/12 x[]\OT1/cmr/m/n/12 (\OML/cmm/m/it/12 a[]\OT1/cmr/m/n/12 )[] + \OML/c
mm/m/it/12 x[]\OT1/cmr/m/n/12 (\OML/cmm/m/it/12 a[]\OT1/cmr/m/n/12 )[]\OML/cmm/
m/it/12 x[]\OT1/cmr/m/n/12 (\OML/cmm/m/it/12 a[]\OT1/cmr/m/n/12 )[] + \OML/cmm/
m/it/12 x[]\OT1/cmr/m/n/12 (\OML/cmm/m/it/12 a[]\OT1/cmr/m/n/12 )[]\OML/cmm/m/i
t/12 x[]\OT1/cmr/m/n/12 (\OML/cmm/m/it/12 a[]\OT1/cmr/m/n/12 )[] + \OML/cmm/m/i
t/12 y[]\OT1/cmr/m/n/12 (\OML/cmm/m/it/12 a[]\OT1/cmr/m/n/12 )[]\OML/cmm/m/it/1
2 y[]\OT1/cmr/m/n/12 (\OML/cmm/m/it/12 a[]\OT1/cmr/m/n/12 )[] +
 []


Underfull \hbox (badness 10000) in paragraph at lines 520--537

 []


Underfull \hbox (badness 10000) in paragraph at lines 520--537

 []


Underfull \hbox (badness 10000) in paragraph at lines 520--537

 []


Overfull \hbox (18.06734pt too wide) in paragraph at lines 520--537
[][] \OT1/cmr/m/n/12 = \OML/cmm/m/it/12 x[]\OT1/cmr/m/n/12 (\OML/cmm/m/it/12 a[
]\OT1/cmr/m/n/12 )[] [] + \OML/cmm/m/it/12 x[]\OT1/cmr/m/n/12 (\OML/cmm/m/it/12
 a[]\OT1/cmr/m/n/12 )[] [] + \OML/cmm/m/it/12 x[]\OT1/cmr/m/n/12 (\OML/cmm/m/it
/12 a[]\OT1/cmr/m/n/12 )[] [] + \OML/cmm/m/it/12 x[]\OT1/cmr/m/n/12 (\OML/cmm/m
/it/12 a[]\OT1/cmr/m/n/12 )[] [] + \OML/cmm/m/it/12 y[]\OT1/cmr/m/n/12 (\OML/cm
m/m/it/12 a[]\OT1/cmr/m/n/12 )[] [] +
 []


Underfull \hbox (badness 10000) in paragraph at lines 520--537

 []


Underfull \hbox (badness 10000) in paragraph at lines 520--537

 []


Underfull \hbox (badness 10000) in paragraph at lines 520--537

 []


Underfull \hbox (badness 10000) in paragraph at lines 520--537

 []


Underfull \hbox (badness 10000) in paragraph at lines 520--537

 []

[11]
Overfull \hbox (59.54799pt too wide) detected at line 551
\OML/cmm/m/it/12 E \OT1/cmr/m/n/12 = []
 []


Underfull \hbox (badness 10000) in paragraph at lines 551--553

 []


Underfull \hbox (badness 10000) in paragraph at lines 551--553

 []


Overfull \hbox (59.38481pt too wide) detected at line 564
\OML/cmm/m/it/12 F \OT1/cmr/m/n/12 = []
 []


Underfull \hbox (badness 10000) in paragraph at lines 564--571

 []


Underfull \hbox (badness 10000) in paragraph at lines 564--571

 []


Underfull \hbox (badness 10000) in paragraph at lines 564--571

 []


Underfull \hbox (badness 10000) in paragraph at lines 564--571

 []


Overfull \hbox (1.23097pt too wide) in paragraph at lines 564--571
\OT1/cmr/m/n/12 (\OML/cmm/m/it/12 i\OT1/cmr/m/n/12 ) :$ As-sume we have a vec-t
or $[] = (\OML/cmm/m/it/12 x[] [] \OT1/cmr/m/n/12 + \OML/cmm/m/it/12 y[] []\OT1
/cmr/m/n/12 )[] \OMS/cmsy/m/n/12 
 \OT1/cmr/m/n/12 ((\OML/cmm/m/it/12 a[]\OT1/cmr/m/n/12 )[] [] + (\OML/cmm/m/it/
12 a[]\OT1/cmr/m/n/12 )[] [] +
 []


Underfull \hbox (badness 10000) in paragraph at lines 572--574

 []


Underfull \hbox (badness 10000) in paragraph at lines 572--574

 []

[12]
Underfull \hbox (badness 10000) in paragraph at lines 587--603

 []


Underfull \hbox (badness 10000) in paragraph at lines 587--603

 []


Overfull \hbox (17.47392pt too wide) in paragraph at lines 587--603
\OML/cmm/m/it/12 x[]\OT1/cmr/m/n/12 (\OML/cmm/m/it/12 a[]\OT1/cmr/m/n/12 )[] + 
\OML/cmm/m/it/12 x[]\OT1/cmr/m/n/12 (\OML/cmm/m/it/12 a[]\OT1/cmr/m/n/12 )[]\OM
L/cmm/m/it/12 x[]\OT1/cmr/m/n/12 (\OML/cmm/m/it/12 a[]\OT1/cmr/m/n/12 )[] + \OM
L/cmm/m/it/12 y[]\OT1/cmr/m/n/12 (\OML/cmm/m/it/12 a[]\OT1/cmr/m/n/12 )[]\OML/c
mm/m/it/12 y[]\OT1/cmr/m/n/12 (\OML/cmm/m/it/12 a[]\OT1/cmr/m/n/12 )[] + \OML/c
mm/m/it/12 y[]\OT1/cmr/m/n/12 (\OML/cmm/m/it/12 a[]\OT1/cmr/m/n/12 )[]\OML/cmm/
m/it/12 y[]\OT1/cmr/m/n/12 (\OML/cmm/m/it/12 a[]\OT1/cmr/m/n/12 )[] + \OML/cmm/
m/it/12 y[]\OT1/cmr/m/n/12 (\OML/cmm/m/it/12 a[]\OT1/cmr/m/n/12 )[]\OML/cmm/m/i
t/12 y[]\OT1/cmr/m/n/12 (\OML/cmm/m/it/12 a[]\OT1/cmr/m/n/12 )[] +
 []


Underfull \hbox (badness 10000) in paragraph at lines 587--603

 []


Underfull \hbox (badness 10000) in paragraph at lines 587--603

 []


Underfull \hbox (badness 10000) in paragraph at lines 587--603

 []


Overfull \hbox (3.41399pt too wide) detected at line 616
\OML/cmm/m/it/12 D \OT1/cmr/m/n/12 = []
 []


Overfull \hbox (2.73315pt too wide) detected at line 634
\OML/cmm/m/it/12 E \OT1/cmr/m/n/12 = []
 []

[13]
Underfull \hbox (badness 10000) in paragraph at lines 643--648

 []


Underfull \hbox (badness 10000) in paragraph at lines 643--648

 []


Underfull \hbox (badness 10000) in paragraph at lines 643--648

 []


Underfull \hbox (badness 10000) in paragraph at lines 643--648

 []


Underfull \hbox (badness 10000) in paragraph at lines 649--657

 []


Overfull \hbox (45.07755pt too wide) in paragraph at lines 649--657
\OML/cmm/m/it/12 x[]\OT1/cmr/m/n/12 (\OML/cmm/m/it/12 a[]\OT1/cmr/m/n/12 )[]\OM
L/cmm/m/it/12 x[]\OT1/cmr/m/n/12 (\OML/cmm/m/it/12 a[]\OT1/cmr/m/n/12 )[] + \OM
L/cmm/m/it/12 x[]\OT1/cmr/m/n/12 (\OML/cmm/m/it/12 a[]\OT1/cmr/m/n/12 )[]\OML/c
mm/m/it/12 x[]\OT1/cmr/m/n/12 (\OML/cmm/m/it/12 a[]\OT1/cmr/m/n/12 )[] + \OML/c
mm/m/it/12 x[]\OT1/cmr/m/n/12 (\OML/cmm/m/it/12 a[]\OT1/cmr/m/n/12 )[]\OML/cmm/
m/it/12 x[]\OT1/cmr/m/n/12 (\OML/cmm/m/it/12 a[]\OT1/cmr/m/n/12 )[] + \OML/cmm/
m/it/12 x[]\OT1/cmr/m/n/12 (\OML/cmm/m/it/12 a[]\OT1/cmr/m/n/12 )[]\OML/cmm/m/i
t/12 x[]\OT1/cmr/m/n/12 (\OML/cmm/m/it/12 a[]\OT1/cmr/m/n/12 )[] + \OML/cmm/m/i
t/12 y[]\OT1/cmr/m/n/12 (\OML/cmm/m/it/12 a[]\OT1/cmr/m/n/12 )[]\OML/cmm/m/it/1
2 y[]\OT1/cmr/m/n/12 (\OML/cmm/m/it/12 a[]\OT1/cmr/m/n/12 )[] +
 []


Underfull \hbox (badness 10000) in paragraph at lines 649--657

 []


Underfull \hbox (badness 10000) in paragraph at lines 649--657

 []


Underfull \hbox (badness 10000) in paragraph at lines 649--657

 []


Underfull \hbox (badness 10000) in paragraph at lines 649--657

 []


Overfull \hbox (41.93298pt too wide) detected at line 668
\OML/cmm/m/it/12 C \OT1/cmr/m/n/12 = []
 []


Underfull \hbox (badness 10000) in paragraph at lines 668--676

 []


Underfull \hbox (badness 10000) in paragraph at lines 668--676

 []


Underfull \hbox (badness 10000) in paragraph at lines 668--676

 []

[14]
Underfull \hbox (badness 10000) in paragraph at lines 687--689

 []


Overfull \hbox (2.73315pt too wide) detected at line 705
\OML/cmm/m/it/12 E \OT1/cmr/m/n/12 = []
 []


Underfull \hbox (badness 10000) in paragraph at lines 705--707

 []


Underfull \hbox (badness 10000) in paragraph at lines 720--725

 []


Underfull \hbox (badness 10000) in paragraph at lines 720--725

 []


Underfull \hbox (badness 10000) in paragraph at lines 720--725

 []


Underfull \hbox (badness 10000) in paragraph at lines 726--743

 []


Overfull \hbox (45.25449pt too wide) in paragraph at lines 726--743
\OML/cmm/m/it/12 x[]\OT1/cmr/m/n/12 (\OML/cmm/m/it/12 a[]\OT1/cmr/m/n/12 )[]\OM
L/cmm/m/it/12 x[]\OT1/cmr/m/n/12 (\OML/cmm/m/it/12 a[]\OT1/cmr/m/n/12 )[] + \OM
L/cmm/m/it/12 x[]\OT1/cmr/m/n/12 (\OML/cmm/m/it/12 a[]\OT1/cmr/m/n/12 )[]\OML/c
mm/m/it/12 x\OT1/cmr/m/n/12 5(\OML/cmm/m/it/12 a[]\OT1/cmr/m/n/12 )[] + \OML/cm
m/m/it/12 y[]\OT1/cmr/m/n/12 (\OML/cmm/m/it/12 a[]\OT1/cmr/m/n/12 )[]\OML/cmm/m
/it/12 x[]\OT1/cmr/m/n/12 (\OML/cmm/m/it/12 a[]\OT1/cmr/m/n/12 )[] + \OML/cmm/m
/it/12 y[]\OT1/cmr/m/n/12 (\OML/cmm/m/it/12 a[]\OT1/cmr/m/n/12 )[]\OML/cmm/m/it
/12 x[]\OT1/cmr/m/n/12 (\OML/cmm/m/it/12 a[]\OT1/cmr/m/n/12 )[] + \OML/cmm/m/it
/12 x[]\OT1/cmr/m/n/12 (\OML/cmm/m/it/12 a[]\OT1/cmr/m/n/12 )[]\OML/cmm/m/it/12
 y[]\OT1/cmr/m/n/12 (\OML/cmm/m/it/12 a[]\OT1/cmr/m/n/12 )[] +
 []


Underfull \hbox (badness 10000) in paragraph at lines 726--743

 []


Underfull \hbox (badness 10000) in paragraph at lines 726--743

 []


Underfull \hbox (badness 10000) in paragraph at lines 726--743

 []


Underfull \hbox (badness 10000) in paragraph at lines 726--743

 []


Underfull \hbox (badness 10000) in paragraph at lines 726--743

 []


Underfull \hbox (badness 10000) in paragraph at lines 726--743

 []

[15]
Overfull \hbox (62.82652pt too wide) detected at line 753
\OML/cmm/m/it/12 D \OT1/cmr/m/n/12 = []
 []


Underfull \hbox (badness 10000) in paragraph at lines 762--784

 []


Underfull \hbox (badness 10000) in paragraph at lines 762--784

 []


Underfull \hbox (badness 10000) in paragraph at lines 762--784

 []


Underfull \hbox (badness 10000) in paragraph at lines 762--784

 []


Underfull \hbox (badness 10000) in paragraph at lines 762--784

 []


Underfull \hbox (badness 10000) in paragraph at lines 762--784

 []


Underfull \hbox (badness 10000) in paragraph at lines 762--784

 []


Underfull \hbox (badness 10000) in paragraph at lines 762--784

 []


Underfull \hbox (badness 10000) in paragraph at lines 762--784

 []


Underfull \hbox (badness 10000) in paragraph at lines 762--784

 []


Underfull \hbox (badness 10000) in paragraph at lines 762--784

 []


Underfull \hbox (badness 10000) in paragraph at lines 762--784

 []

[16]
Underfull \hbox (badness 10000) in paragraph at lines 785--797

 []


Underfull \hbox (badness 10000) in paragraph at lines 785--797

 []


Underfull \hbox (badness 10000) in paragraph at lines 785--797

 []


Underfull \hbox (badness 10000) in paragraph at lines 785--797

 []


Underfull \hbox (badness 10000) in paragraph at lines 785--797

 []


Underfull \hbox (badness 10000) in paragraph at lines 785--797

 []


Overfull \hbox (44.12961pt too wide) in paragraph at lines 785--797
\OML/cmm/m/it/12 x[]\OT1/cmr/m/n/12 (\OML/cmm/m/it/12 a[]\OT1/cmr/m/n/12 )[]\OM
L/cmm/m/it/12 x[]\OT1/cmr/m/n/12 (\OML/cmm/m/it/12 a[]\OT1/cmr/m/n/12 )[] + \OM
L/cmm/m/it/12 x[]\OT1/cmr/m/n/12 (\OML/cmm/m/it/12 a[]\OT1/cmr/m/n/12 )[]\OML/c
mm/m/it/12 y[]\OT1/cmr/m/n/12 (\OML/cmm/m/it/12 a[]\OT1/cmr/m/n/12 )[] + \OML/c
mm/m/it/12 x[]\OT1/cmr/m/n/12 (\OML/cmm/m/it/12 a[]\OT1/cmr/m/n/12 )[]\OML/cmm/
m/it/12 x[]\OT1/cmr/m/n/12 (\OML/cmm/m/it/12 a[]\OT1/cmr/m/n/12 )[] + \OML/cmm/
m/it/12 x[]\OT1/cmr/m/n/12 (\OML/cmm/m/it/12 a[]\OT1/cmr/m/n/12 )[]\OML/cmm/m/i
t/12 y[]\OT1/cmr/m/n/12 (\OML/cmm/m/it/12 a[]\OT1/cmr/m/n/12 )[] + \OML/cmm/m/i
t/12 y[]\OT1/cmr/m/n/12 (\OML/cmm/m/it/12 a[]\OT1/cmr/m/n/12 )[]\OML/cmm/m/it/1
2 x[]\OT1/cmr/m/n/12 (\OML/cmm/m/it/12 a[]\OT1/cmr/m/n/12 )[] +
 []


Underfull \hbox (badness 10000) in paragraph at lines 800--816

 []


Underfull \hbox (badness 10000) in paragraph at lines 800--816

 []


Underfull \hbox (badness 10000) in paragraph at lines 800--816

 []


Overfull \hbox (34.81015pt too wide) in paragraph at lines 800--816
\OML/cmm/m/it/12 x[]\OT1/cmr/m/n/12 (\OML/cmm/m/it/12 a[]\OT1/cmr/m/n/12 )[]\OM
L/cmm/m/it/12 x[]\OT1/cmr/m/n/12 (\OML/cmm/m/it/12 a[]\OT1/cmr/m/n/12 )[] + \OM
L/cmm/m/it/12 x[]\OT1/cmr/m/n/12 (\OML/cmm/m/it/12 a[]\OT1/cmr/m/n/12 )[]\OML/c
mm/m/it/12 x[]\OT1/cmr/m/n/12 (\OML/cmm/m/it/12 a[]\OT1/cmr/m/n/12 )[] + \OML/c
mm/m/it/12 x[]\OT1/cmr/m/n/12 (\OML/cmm/m/it/12 a[]\OT1/cmr/m/n/12 )[]\OML/cmm/
m/it/12 y[]\OT1/cmr/m/n/12 (\OML/cmm/m/it/12 a[]\OT1/cmr/m/n/12 )[] + \OML/cmm/
m/it/12 x[]\OT1/cmr/m/n/12 (\OML/cmm/m/it/12 a[]\OT1/cmr/m/n/12 )[]\OML/cmm/m/i
t/12 y[]\OT1/cmr/m/n/12 (\OML/cmm/m/it/12 a[] \OT1/cmr/m/n/12 + \OML/cmm/m/it/1
2 y[]\OT1/cmr/m/n/12 (\OML/cmm/m/it/12 a[]\OT1/cmr/m/n/12 )[]\OML/cmm/m/it/12 x
[]\OT1/cmr/m/n/12 (\OML/cmm/m/it/12 a[]\OT1/cmr/m/n/12 )[] +
 []


Underfull \hbox (badness 10000) in paragraph at lines 800--816

 []


Underfull \hbox (badness 10000) in paragraph at lines 800--816

 []


Overfull \hbox (48.37125pt too wide) in paragraph at lines 800--816
\OML/cmm/m/it/12 x[]\OT1/cmr/m/n/12 (\OML/cmm/m/it/12 a[]\OT1/cmr/m/n/12 )[]\OM
L/cmm/m/it/12 x[]\OT1/cmr/m/n/12 (\OML/cmm/m/it/12 a[]\OT1/cmr/m/n/12 )[] + \OM
L/cmm/m/it/12 x[]\OT1/cmr/m/n/12 (\OML/cmm/m/it/12 a[]\OT1/cmr/m/n/12 )[]\OML/c
mm/m/it/12 x[]\OT1/cmr/m/n/12 (\OML/cmm/m/it/12 a[]\OT1/cmr/m/n/12 )[] + \OML/c
mm/m/it/12 x[]\OT1/cmr/m/n/12 (\OML/cmm/m/it/12 a[]\OT1/cmr/m/n/12 )[]\OML/cmm/
m/it/12 y[]\OT1/cmr/m/n/12 (\OML/cmm/m/it/12 a[]\OT1/cmr/m/n/12 )[] + \OML/cmm/
m/it/12 x[]\OT1/cmr/m/n/12 (\OML/cmm/m/it/12 a[]\OT1/cmr/m/n/12 )[]\OML/cmm/m/i
t/12 y[]\OT1/cmr/m/n/12 (\OML/cmm/m/it/12 a[] \OT1/cmr/m/n/12 + \OML/cmm/m/it/1
2 y[]\OT1/cmr/m/n/12 (\OML/cmm/m/it/12 a[]\OT1/cmr/m/n/12 )[]\OML/cmm/m/it/12 x
[]\OT1/cmr/m/n/12 (\OML/cmm/m/it/12 a[]\OT1/cmr/m/n/12 )[] +
 []


Underfull \hbox (badness 10000) in paragraph at lines 800--816

 []


Underfull \hbox (badness 10000) in paragraph at lines 800--816

 []


Overfull \hbox (45.89622pt too wide) detected at line 831
\OML/cmm/m/it/12 E \OT1/cmr/m/n/12 = []
 []

[17]
Underfull \hbox (badness 10000) in paragraph at lines 831--838

 []


Underfull \hbox (badness 10000) in paragraph at lines 831--838

 []


Underfull \hbox (badness 10000) in paragraph at lines 831--838

 []


Underfull \hbox (badness 10000) in paragraph at lines 831--838

 []


Overfull \hbox (1.23097pt too wide) in paragraph at lines 831--838
\OT1/cmr/m/n/12 (\OML/cmm/m/it/12 i\OT1/cmr/m/n/12 ) :$ As-sume we have a vec-t
or $[] = (\OML/cmm/m/it/12 x[] [] \OT1/cmr/m/n/12 + \OML/cmm/m/it/12 y[] []\OT1
/cmr/m/n/12 )[] \OMS/cmsy/m/n/12 
 \OT1/cmr/m/n/12 ((\OML/cmm/m/it/12 a[]\OT1/cmr/m/n/12 )[] [] + (\OML/cmm/m/it/
12 a[]\OT1/cmr/m/n/12 )[] [] +
 []


Underfull \hbox (badness 10000) in paragraph at lines 839--841

 []


Underfull \hbox (badness 10000) in paragraph at lines 839--841

 []


Underfull \hbox (badness 10000) in paragraph at lines 854--870

 []


Underfull \hbox (badness 10000) in paragraph at lines 854--870

 []


Overfull \hbox (17.47392pt too wide) in paragraph at lines 854--870
\OML/cmm/m/it/12 x[]\OT1/cmr/m/n/12 (\OML/cmm/m/it/12 a[]\OT1/cmr/m/n/12 )[] + 
\OML/cmm/m/it/12 x[]\OT1/cmr/m/n/12 (\OML/cmm/m/it/12 a[]\OT1/cmr/m/n/12 )[]\OM
L/cmm/m/it/12 x[]\OT1/cmr/m/n/12 (\OML/cmm/m/it/12 a[]\OT1/cmr/m/n/12 )[] + \OM
L/cmm/m/it/12 y[]\OT1/cmr/m/n/12 (\OML/cmm/m/it/12 a[]\OT1/cmr/m/n/12 )[]\OML/c
mm/m/it/12 y[]\OT1/cmr/m/n/12 (\OML/cmm/m/it/12 a[]\OT1/cmr/m/n/12 )[] + \OML/c
mm/m/it/12 y[]\OT1/cmr/m/n/12 (\OML/cmm/m/it/12 a[]\OT1/cmr/m/n/12 )[]\OML/cmm/
m/it/12 y[]\OT1/cmr/m/n/12 (\OML/cmm/m/it/12 a[]\OT1/cmr/m/n/12 )[] + \OML/cmm/
m/it/12 y[]\OT1/cmr/m/n/12 (\OML/cmm/m/it/12 a[]\OT1/cmr/m/n/12 )[]\OML/cmm/m/i
t/12 y[]\OT1/cmr/m/n/12 (\OML/cmm/m/it/12 a[]\OT1/cmr/m/n/12 )[] +
 []


Underfull \hbox (badness 10000) in paragraph at lines 854--870

 []


Underfull \hbox (badness 10000) in paragraph at lines 854--870

 []


Underfull \hbox (badness 10000) in paragraph at lines 854--870

 []

[18]
Overfull \hbox (3.41399pt too wide) detected at line 883
\OML/cmm/m/it/12 D \OT1/cmr/m/n/12 = []
 []


Overfull \hbox (2.73315pt too wide) detected at line 901
\OML/cmm/m/it/12 E \OT1/cmr/m/n/12 = []
 []


Underfull \hbox (badness 10000) in paragraph at lines 910--915

 []


Underfull \hbox (badness 10000) in paragraph at lines 910--915

 []


Underfull \hbox (badness 10000) in paragraph at lines 910--915

 []


Underfull \hbox (badness 10000) in paragraph at lines 910--915

 []


Underfull \hbox (badness 10000) in paragraph at lines 916--924

 []


Overfull \hbox (45.07755pt too wide) in paragraph at lines 916--924
\OML/cmm/m/it/12 x[]\OT1/cmr/m/n/12 (\OML/cmm/m/it/12 a[]\OT1/cmr/m/n/12 )[]\OM
L/cmm/m/it/12 x[]\OT1/cmr/m/n/12 (\OML/cmm/m/it/12 a[]\OT1/cmr/m/n/12 )[] + \OM
L/cmm/m/it/12 x[]\OT1/cmr/m/n/12 (\OML/cmm/m/it/12 a[]\OT1/cmr/m/n/12 )[]\OML/c
mm/m/it/12 x[]\OT1/cmr/m/n/12 (\OML/cmm/m/it/12 a[]\OT1/cmr/m/n/12 )[] + \OML/c
mm/m/it/12 x[]\OT1/cmr/m/n/12 (\OML/cmm/m/it/12 a[]\OT1/cmr/m/n/12 )[]\OML/cmm/
m/it/12 x[]\OT1/cmr/m/n/12 (\OML/cmm/m/it/12 a[]\OT1/cmr/m/n/12 )[] + \OML/cmm/
m/it/12 x[]\OT1/cmr/m/n/12 (\OML/cmm/m/it/12 a[]\OT1/cmr/m/n/12 )[]\OML/cmm/m/i
t/12 x[]\OT1/cmr/m/n/12 (\OML/cmm/m/it/12 a[]\OT1/cmr/m/n/12 )[] + \OML/cmm/m/i
t/12 y[]\OT1/cmr/m/n/12 (\OML/cmm/m/it/12 a[]\OT1/cmr/m/n/12 )[]\OML/cmm/m/it/1
2 y[]\OT1/cmr/m/n/12 (\OML/cmm/m/it/12 a[]\OT1/cmr/m/n/12 )[] +
 []


Underfull \hbox (badness 10000) in paragraph at lines 916--924

 []


Underfull \hbox (badness 10000) in paragraph at lines 916--924

 []


Underfull \hbox (badness 10000) in paragraph at lines 916--924

 []


Underfull \hbox (badness 10000) in paragraph at lines 916--924

 []

[19]
Overfull \hbox (41.93298pt too wide) detected at line 935
\OML/cmm/m/it/12 C \OT1/cmr/m/n/12 = []
 []


Underfull \hbox (badness 10000) in paragraph at lines 935--943

 []


Underfull \hbox (badness 10000) in paragraph at lines 935--943

 []


Underfull \hbox (badness 10000) in paragraph at lines 935--943

 []


Underfull \hbox (badness 10000) in paragraph at lines 954--956

 []


Overfull \hbox (2.73315pt too wide) detected at line 972
\OML/cmm/m/it/12 E \OT1/cmr/m/n/12 = []
 []

[20]
Underfull \hbox (badness 10000) in paragraph at lines 972--974

 []


Underfull \hbox (badness 10000) in paragraph at lines 987--992

 []


Underfull \hbox (badness 10000) in paragraph at lines 987--992

 []


Underfull \hbox (badness 10000) in paragraph at lines 987--992

 []


Underfull \hbox (badness 10000) in paragraph at lines 993--1010

 []


Overfull \hbox (45.25449pt too wide) in paragraph at lines 993--1010
\OML/cmm/m/it/12 x[]\OT1/cmr/m/n/12 (\OML/cmm/m/it/12 a[]\OT1/cmr/m/n/12 )[]\OM
L/cmm/m/it/12 x[]\OT1/cmr/m/n/12 (\OML/cmm/m/it/12 a[]\OT1/cmr/m/n/12 )[] + \OM
L/cmm/m/it/12 x[]\OT1/cmr/m/n/12 (\OML/cmm/m/it/12 a[]\OT1/cmr/m/n/12 )[]\OML/c
mm/m/it/12 x\OT1/cmr/m/n/12 5(\OML/cmm/m/it/12 a[]\OT1/cmr/m/n/12 )[] + \OML/cm
m/m/it/12 y[]\OT1/cmr/m/n/12 (\OML/cmm/m/it/12 a[]\OT1/cmr/m/n/12 )[]\OML/cmm/m
/it/12 x[]\OT1/cmr/m/n/12 (\OML/cmm/m/it/12 a[]\OT1/cmr/m/n/12 )[] + \OML/cmm/m
/it/12 y[]\OT1/cmr/m/n/12 (\OML/cmm/m/it/12 a[]\OT1/cmr/m/n/12 )[]\OML/cmm/m/it
/12 x[]\OT1/cmr/m/n/12 (\OML/cmm/m/it/12 a[]\OT1/cmr/m/n/12 )[] + \OML/cmm/m/it
/12 x[]\OT1/cmr/m/n/12 (\OML/cmm/m/it/12 a[]\OT1/cmr/m/n/12 )[]\OML/cmm/m/it/12
 y[]\OT1/cmr/m/n/12 (\OML/cmm/m/it/12 a[]\OT1/cmr/m/n/12 )[] +
 []


Underfull \hbox (badness 10000) in paragraph at lines 993--1010

 []


Underfull \hbox (badness 10000) in paragraph at lines 993--1010

 []


Underfull \hbox (badness 10000) in paragraph at lines 993--1010

 []


Underfull \hbox (badness 10000) in paragraph at lines 993--1010

 []


Underfull \hbox (badness 10000) in paragraph at lines 993--1010

 []


Underfull \hbox (badness 10000) in paragraph at lines 993--1010

 []


Overfull \hbox (62.82652pt too wide) detected at line 1020
\OML/cmm/m/it/12 D \OT1/cmr/m/n/12 = []
 []

[21]
Underfull \hbox (badness 10000) in paragraph at lines 1025--1036

 []


Underfull \hbox (badness 10000) in paragraph at lines 1025--1036

 []


Underfull \hbox (badness 10000) in paragraph at lines 1025--1036

 []


Underfull \hbox (badness 10000) in paragraph at lines 1025--1036

 []


Underfull \hbox (badness 10000) in paragraph at lines 1025--1036

 []


Underfull \hbox (badness 10000) in paragraph at lines 1025--1036

 []


Underfull \hbox (badness 10000) in paragraph at lines 1037--1051

 []


Underfull \hbox (badness 10000) in paragraph at lines 1037--1051

 []


Underfull \hbox (badness 10000) in paragraph at lines 1037--1051

 []


Underfull \hbox (badness 10000) in paragraph at lines 1037--1051

 []


Underfull \hbox (badness 10000) in paragraph at lines 1037--1051

 []


Underfull \hbox (badness 10000) in paragraph at lines 1037--1051

 []


Underfull \hbox (badness 10000) in paragraph at lines 1059--1061

 []


Underfull \hbox (badness 10000) in paragraph at lines 1059--1061

 []

[22]
Underfull \hbox (badness 10000) in paragraph at lines 1062--1072

 []


Overfull \hbox (18.06734pt too wide) in paragraph at lines 1062--1072
[][] \OT1/cmr/m/n/12 = \OML/cmm/m/it/12 x[]\OT1/cmr/m/n/12 (\OML/cmm/m/it/12 a[
]\OT1/cmr/m/n/12 )[] [] + \OML/cmm/m/it/12 x[]\OT1/cmr/m/n/12 (\OML/cmm/m/it/12
 a[]\OT1/cmr/m/n/12 )[] [] + \OML/cmm/m/it/12 x[]\OT1/cmr/m/n/12 (\OML/cmm/m/it
/12 a[]\OT1/cmr/m/n/12 )[] [] + \OML/cmm/m/it/12 x[]\OT1/cmr/m/n/12 (\OML/cmm/m
/it/12 a[]\OT1/cmr/m/n/12 )[] [] + \OML/cmm/m/it/12 y[]\OT1/cmr/m/n/12 (\OML/cm
m/m/it/12 a[]\OT1/cmr/m/n/12 )[] [] +
 []


Underfull \hbox (badness 10000) in paragraph at lines 1062--1072

 []


Overfull \hbox (41.36803pt too wide) in paragraph at lines 1062--1072
[][] \OT1/cmr/m/n/12 = \OML/cmm/m/it/12 x[]\OT1/cmr/m/n/12 (\OML/cmm/m/it/12 a[
]\OT1/cmr/m/n/12 )[] [][] + \OML/cmm/m/it/12 x[]\OT1/cmr/m/n/12 (\OML/cmm/m/it/
12 a[]\OT1/cmr/m/n/12 )[] [][] + \OML/cmm/m/it/12 x[]\OT1/cmr/m/n/12 (\OML/cmm/
m/it/12 a[]\OT1/cmr/m/n/12 )[] [][] + \OML/cmm/m/it/12 x[]\OT1/cmr/m/n/12 (\OML
/cmm/m/it/12 a[]\OT1/cmr/m/n/12 )[] [][] +
 []


Underfull \hbox (badness 10000) in paragraph at lines 1062--1072

 []


Underfull \hbox (badness 10000) in paragraph at lines 1062--1072

 []


Overfull \hbox (48.9664pt too wide) in paragraph at lines 1062--1072
\OML/cmm/m/it/12 x[]\OT1/cmr/m/n/12 (\OML/cmm/m/it/12 a[]\OT1/cmr/m/n/12 )[]\OM
L/cmm/m/it/12 x[]\OT1/cmr/m/n/12 (\OML/cmm/m/it/12 a[]\OT1/cmr/m/n/12 )[] + \OM
L/cmm/m/it/12 x[]\OT1/cmr/m/n/12 (\OML/cmm/m/it/12 a[]\OT1/cmr/m/n/12 )[]\OML/c
mm/m/it/12 x[]\OT1/cmr/m/n/12 (\OML/cmm/m/it/12 a[]\OT1/cmr/m/n/12 )[] + \OML/c
mm/m/it/12 x[]\OT1/cmr/m/n/12 (\OML/cmm/m/it/12 a[]\OT1/cmr/m/n/12 )[]\OML/cmm/
m/it/12 x[]\OT1/cmr/m/n/12 (\OML/cmm/m/it/12 a[]\OT1/cmr/m/n/12 )[] + \OML/cmm/
m/it/12 x[]\OT1/cmr/m/n/12 (\OML/cmm/m/it/12 a[]\OT1/cmr/m/n/12 )[]\OML/cmm/m/i
t/12 x[]\OT1/cmr/m/n/12 (\OML/cmm/m/it/12 a[]\OT1/cmr/m/n/12 )[] + \OML/cmm/m/i
t/12 y[]\OT1/cmr/m/n/12 (\OML/cmm/m/it/12 a[]\OT1/cmr/m/n/12 )[]\OML/cmm/m/it/1
2 y[]\OT1/cmr/m/n/12 (\OML/cmm/m/it/12 a[]\OT1/cmr/m/n/12 )[] +
 []


Underfull \hbox (badness 10000) in paragraph at lines 1075--1092

 []


Underfull \hbox (badness 10000) in paragraph at lines 1075--1092

 []


Underfull \hbox (badness 10000) in paragraph at lines 1075--1092

 []


Overfull \hbox (18.06734pt too wide) in paragraph at lines 1075--1092
[][] \OT1/cmr/m/n/12 = \OML/cmm/m/it/12 x[]\OT1/cmr/m/n/12 (\OML/cmm/m/it/12 a[
]\OT1/cmr/m/n/12 )[] [] + \OML/cmm/m/it/12 x[]\OT1/cmr/m/n/12 (\OML/cmm/m/it/12
 a[]\OT1/cmr/m/n/12 )[] [] + \OML/cmm/m/it/12 x[]\OT1/cmr/m/n/12 (\OML/cmm/m/it
/12 a[]\OT1/cmr/m/n/12 )[] [] + \OML/cmm/m/it/12 x[]\OT1/cmr/m/n/12 (\OML/cmm/m
/it/12 a[]\OT1/cmr/m/n/12 )[] [] + \OML/cmm/m/it/12 y[]\OT1/cmr/m/n/12 (\OML/cm
m/m/it/12 a[]\OT1/cmr/m/n/12 )[] [] +
 []


Underfull \hbox (badness 10000) in paragraph at lines 1075--1092

 []


Underfull \hbox (badness 10000) in paragraph at lines 1075--1092

 []


Underfull \hbox (badness 10000) in paragraph at lines 1075--1092

 []


Underfull \hbox (badness 10000) in paragraph at lines 1075--1092

 []


Underfull \hbox (badness 10000) in paragraph at lines 1075--1092

 []


Overfull \hbox (59.54799pt too wide) detected at line 1106
\OML/cmm/m/it/12 E \OT1/cmr/m/n/12 = []
 []


Underfull \hbox (badness 10000) in paragraph at lines 1106--1108

 []


Underfull \hbox (badness 10000) in paragraph at lines 1106--1108

 []

[23]
Overfull \hbox (59.38481pt too wide) detected at line 1119
\OML/cmm/m/it/12 F \OT1/cmr/m/n/12 = []
 []


Underfull \hbox (badness 10000) in paragraph at lines 1119--1126

 []


Underfull \hbox (badness 10000) in paragraph at lines 1119--1126

 []


Underfull \hbox (badness 10000) in paragraph at lines 1119--1126

 []


Underfull \hbox (badness 10000) in paragraph at lines 1119--1126

 []


Overfull \hbox (1.23097pt too wide) in paragraph at lines 1119--1126
\OT1/cmr/m/n/12 (\OML/cmm/m/it/12 i\OT1/cmr/m/n/12 ) :$ As-sume we have a vec-t
or $[] = (\OML/cmm/m/it/12 x[] [] \OT1/cmr/m/n/12 + \OML/cmm/m/it/12 y[] []\OT1
/cmr/m/n/12 )[] \OMS/cmsy/m/n/12 
 \OT1/cmr/m/n/12 ((\OML/cmm/m/it/12 a[]\OT1/cmr/m/n/12 )[] [] + (\OML/cmm/m/it/
12 a[]\OT1/cmr/m/n/12 )[] [] +
 []


Underfull \hbox (badness 10000) in paragraph at lines 1127--1129

 []


Underfull \hbox (badness 10000) in paragraph at lines 1127--1129

 []


Underfull \hbox (badness 10000) in paragraph at lines 1142--1158

 []


Underfull \hbox (badness 10000) in paragraph at lines 1142--1158

 []


Overfull \hbox (17.47392pt too wide) in paragraph at lines 1142--1158
\OML/cmm/m/it/12 x[]\OT1/cmr/m/n/12 (\OML/cmm/m/it/12 a[]\OT1/cmr/m/n/12 )[] + 
\OML/cmm/m/it/12 x[]\OT1/cmr/m/n/12 (\OML/cmm/m/it/12 a[]\OT1/cmr/m/n/12 )[]\OM
L/cmm/m/it/12 x[]\OT1/cmr/m/n/12 (\OML/cmm/m/it/12 a[]\OT1/cmr/m/n/12 )[] + \OM
L/cmm/m/it/12 y[]\OT1/cmr/m/n/12 (\OML/cmm/m/it/12 a[]\OT1/cmr/m/n/12 )[]\OML/c
mm/m/it/12 y[]\OT1/cmr/m/n/12 (\OML/cmm/m/it/12 a[]\OT1/cmr/m/n/12 )[] + \OML/c
mm/m/it/12 y[]\OT1/cmr/m/n/12 (\OML/cmm/m/it/12 a[]\OT1/cmr/m/n/12 )[]\OML/cmm/
m/it/12 y[]\OT1/cmr/m/n/12 (\OML/cmm/m/it/12 a[]\OT1/cmr/m/n/12 )[] + \OML/cmm/
m/it/12 y[]\OT1/cmr/m/n/12 (\OML/cmm/m/it/12 a[]\OT1/cmr/m/n/12 )[]\OML/cmm/m/i
t/12 y[]\OT1/cmr/m/n/12 (\OML/cmm/m/it/12 a[]\OT1/cmr/m/n/12 )[] +
 []


Underfull \hbox (badness 10000) in paragraph at lines 1142--1158

 []


Underfull \hbox (badness 10000) in paragraph at lines 1142--1158

 []


Underfull \hbox (badness 10000) in paragraph at lines 1142--1158

 []

[24]
Overfull \hbox (3.41399pt too wide) detected at line 1171
\OML/cmm/m/it/12 D \OT1/cmr/m/n/12 = []
 []


Overfull \hbox (2.73315pt too wide) detected at line 1189
\OML/cmm/m/it/12 E \OT1/cmr/m/n/12 = []
 []


Underfull \hbox (badness 10000) in paragraph at lines 1198--1203

 []


Underfull \hbox (badness 10000) in paragraph at lines 1198--1203

 []


Underfull \hbox (badness 10000) in paragraph at lines 1198--1203

 []


Underfull \hbox (badness 10000) in paragraph at lines 1198--1203

 []


Underfull \hbox (badness 10000) in paragraph at lines 1204--1212

 []


Overfull \hbox (45.07755pt too wide) in paragraph at lines 1204--1212
\OML/cmm/m/it/12 x[]\OT1/cmr/m/n/12 (\OML/cmm/m/it/12 a[]\OT1/cmr/m/n/12 )[]\OM
L/cmm/m/it/12 x[]\OT1/cmr/m/n/12 (\OML/cmm/m/it/12 a[]\OT1/cmr/m/n/12 )[] + \OM
L/cmm/m/it/12 x[]\OT1/cmr/m/n/12 (\OML/cmm/m/it/12 a[]\OT1/cmr/m/n/12 )[]\OML/c
mm/m/it/12 x[]\OT1/cmr/m/n/12 (\OML/cmm/m/it/12 a[]\OT1/cmr/m/n/12 )[] + \OML/c
mm/m/it/12 x[]\OT1/cmr/m/n/12 (\OML/cmm/m/it/12 a[]\OT1/cmr/m/n/12 )[]\OML/cmm/
m/it/12 x[]\OT1/cmr/m/n/12 (\OML/cmm/m/it/12 a[]\OT1/cmr/m/n/12 )[] + \OML/cmm/
m/it/12 x[]\OT1/cmr/m/n/12 (\OML/cmm/m/it/12 a[]\OT1/cmr/m/n/12 )[]\OML/cmm/m/i
t/12 x[]\OT1/cmr/m/n/12 (\OML/cmm/m/it/12 a[]\OT1/cmr/m/n/12 )[] + \OML/cmm/m/i
t/12 y[]\OT1/cmr/m/n/12 (\OML/cmm/m/it/12 a[]\OT1/cmr/m/n/12 )[]\OML/cmm/m/it/1
2 y[]\OT1/cmr/m/n/12 (\OML/cmm/m/it/12 a[]\OT1/cmr/m/n/12 )[] +
 []


Underfull \hbox (badness 10000) in paragraph at lines 1204--1212

 []


Underfull \hbox (badness 10000) in paragraph at lines 1204--1212

 []


Underfull \hbox (badness 10000) in paragraph at lines 1204--1212

 []


Underfull \hbox (badness 10000) in paragraph at lines 1204--1212

 []


Overfull \hbox (41.93298pt too wide) detected at line 1223
\OML/cmm/m/it/12 C \OT1/cmr/m/n/12 = []
 []

[25]
Underfull \hbox (badness 10000) in paragraph at lines 1223--1231

 []


Underfull \hbox (badness 10000) in paragraph at lines 1223--1231

 []


Underfull \hbox (badness 10000) in paragraph at lines 1223--1231

 []


Underfull \hbox (badness 10000) in paragraph at lines 1242--1244

 []


Overfull \hbox (2.73315pt too wide) detected at line 1260
\OML/cmm/m/it/12 E \OT1/cmr/m/n/12 = []
 []


Underfull \hbox (badness 10000) in paragraph at lines 1260--1262

 []


Underfull \hbox (badness 10000) in paragraph at lines 1275--1280

 []


Underfull \hbox (badness 10000) in paragraph at lines 1275--1280

 []


Underfull \hbox (badness 10000) in paragraph at lines 1275--1280

 []

[26]
Underfull \hbox (badness 10000) in paragraph at lines 1281--1298

 []


Overfull \hbox (45.25449pt too wide) in paragraph at lines 1281--1298
\OML/cmm/m/it/12 x[]\OT1/cmr/m/n/12 (\OML/cmm/m/it/12 a[]\OT1/cmr/m/n/12 )[]\OM
L/cmm/m/it/12 x[]\OT1/cmr/m/n/12 (\OML/cmm/m/it/12 a[]\OT1/cmr/m/n/12 )[] + \OM
L/cmm/m/it/12 x[]\OT1/cmr/m/n/12 (\OML/cmm/m/it/12 a[]\OT1/cmr/m/n/12 )[]\OML/c
mm/m/it/12 x\OT1/cmr/m/n/12 5(\OML/cmm/m/it/12 a[]\OT1/cmr/m/n/12 )[] + \OML/cm
m/m/it/12 y[]\OT1/cmr/m/n/12 (\OML/cmm/m/it/12 a[]\OT1/cmr/m/n/12 )[]\OML/cmm/m
/it/12 x[]\OT1/cmr/m/n/12 (\OML/cmm/m/it/12 a[]\OT1/cmr/m/n/12 )[] + \OML/cmm/m
/it/12 y[]\OT1/cmr/m/n/12 (\OML/cmm/m/it/12 a[]\OT1/cmr/m/n/12 )[]\OML/cmm/m/it
/12 x[]\OT1/cmr/m/n/12 (\OML/cmm/m/it/12 a[]\OT1/cmr/m/n/12 )[] + \OML/cmm/m/it
/12 x[]\OT1/cmr/m/n/12 (\OML/cmm/m/it/12 a[]\OT1/cmr/m/n/12 )[]\OML/cmm/m/it/12
 y[]\OT1/cmr/m/n/12 (\OML/cmm/m/it/12 a[]\OT1/cmr/m/n/12 )[] +
 []


Underfull \hbox (badness 10000) in paragraph at lines 1281--1298

 []


Underfull \hbox (badness 10000) in paragraph at lines 1281--1298

 []


Underfull \hbox (badness 10000) in paragraph at lines 1281--1298

 []


Underfull \hbox (badness 10000) in paragraph at lines 1281--1298

 []


Underfull \hbox (badness 10000) in paragraph at lines 1281--1298

 []


Underfull \hbox (badness 10000) in paragraph at lines 1281--1298

 []


Overfull \hbox (62.82652pt too wide) detected at line 1308
\OML/cmm/m/it/12 D \OT1/cmr/m/n/12 = []
 []

[27] (./ubb_calculation.aux) ) 
Here is how much of TeX's memory you used:
 17716 strings out of 493610
 324031 string characters out of 6159292
 399844 words of memory out of 5000000
 21727 multiletter control sequences out of 15000+600000
 537152 words of font info for 43 fonts, out of 8000000 for 9000
 319 hyphenation exceptions out of 8191
 52i,8n,71p,832b,317s stack positions out of 5000i,500n,10000p,200000b,80000s
</usr/local/texlive/2019basic/texmf-dist/fonts/ty
pe1/public/amsfonts/cm/cmex10.pfb></usr/local/texlive/2019basic/texmf-dist/font
s/type1/public/amsfonts/cm/cmmi12.pfb></usr/local/texlive/2019basic/texmf-dist/
fonts/type1/public/amsfonts/cm/cmmi8.pfb></usr/local/texlive/2019basic/texmf-di
st/fonts/type1/public/amsfonts/cm/cmr12.pfb></usr/local/texlive/2019basic/texmf
-dist/fonts/type1/public/amsfonts/cm/cmr8.pfb></usr/local/texlive/2019basic/tex
mf-dist/fonts/type1/public/amsfonts/cm/cmsy10.pfb></usr/local/texlive/2019basic
/texmf-dist/fonts/type1/public/amsfonts/cm/cmsy8.pfb></usr/local/texlive/2019ba
sic/texmf-dist/fonts/type1/public/amsfonts/cm/cmtt12.pfb>
Output written on ubb_calculation.pdf (27 pages, 125976 bytes).
PDF statistics:
 123 PDF objects out of 1000 (max. 8388607)
 85 compressed objects within 1 object stream
 0 named destinations out of 1000 (max. 500000)
 1 words of extra memory for PDF output out of 10000 (max. 10000000)

