This is pdfTeX, Version 3.14159265-2.6-1.40.20 (TeX Live 2019) (preloaded format=pdflatex 2019.12.21)  9 MAR 2020 09:14
entering extended mode
 restricted \write18 enabled.
 %&-line parsing enabled.
**"unextendible product bases.tex"
(./unextendible product bases.tex
LaTeX2e <2019-10-01>
(/usr/local/texlive/2019basic/texmf-dist/tex/latex/base/article.cls
Document Class: article 2019/08/27 v1.4j Standard LaTeX document class
(/usr/local/texlive/2019basic/texmf-dist/tex/latex/base/size12.clo
File: size12.clo 2019/08/27 v1.4j Standard LaTeX file (size option)
)
\c@part=\count80
\c@section=\count81
\c@subsection=\count82
\c@subsubsection=\count83
\c@paragraph=\count84
\c@subparagraph=\count85
\c@figure=\count86
\c@table=\count87
\abovecaptionskip=\skip41
\belowcaptionskip=\skip42
\bibindent=\dimen102
)
(/usr/local/texlive/2019basic/texmf-dist/tex/latex/physics/physics.sty
Package: physics 

(/usr/local/texlive/2019basic/texmf-dist/tex/latex/l3packages/xparse/xparse.sty
(/usr/local/texlive/2019basic/texmf-dist/tex/latex/l3kernel/expl3.sty
Package: expl3 2019-10-02 L3 programming layer (loader) 

(/usr/local/texlive/2019basic/texmf-dist/tex/latex/l3kernel/expl3-code.tex
Package: expl3 2019-10-02 L3 programming layer (code)
\c_max_int=\count88
\l_tmpa_int=\count89
\l_tmpb_int=\count90
\g_tmpa_int=\count91
\g_tmpb_int=\count92
\l__seq_internal_a_int=\count93
\l__seq_internal_b_int=\count94
\g__kernel_prg_map_int=\count95
\c__ior_term_noprompt_ior=\count96
\c_log_iow=\count97
\l_iow_line_count_int=\count98
\l__iow_line_target_int=\count99
\l__iow_one_indent_int=\count100
\l__iow_indent_int=\count101
\c_zero_dim=\dimen103
\c_max_dim=\dimen104
\l_tmpa_dim=\dimen105
\l_tmpb_dim=\dimen106
\g_tmpa_dim=\dimen107
\g_tmpb_dim=\dimen108
\c_zero_skip=\skip43
\c_max_skip=\skip44
\l_tmpa_skip=\skip45
\l_tmpb_skip=\skip46
\g_tmpa_skip=\skip47
\g_tmpb_skip=\skip48
\c_zero_muskip=\muskip10
\c_max_muskip=\muskip11
\l_tmpa_muskip=\muskip12
\l_tmpb_muskip=\muskip13
\g_tmpa_muskip=\muskip14
\g_tmpb_muskip=\muskip15
\l_keys_choice_int=\count102
\l__intarray_loop_int=\count103
\c__intarray_sp_dim=\dimen109
\g__intarray_font_int=\count104
\c__fp_leading_shift_int=\count105
\c__fp_middle_shift_int=\count106
\c__fp_trailing_shift_int=\count107
\c__fp_big_leading_shift_int=\count108
\c__fp_big_middle_shift_int=\count109
\c__fp_big_trailing_shift_int=\count110
\c__fp_Bigg_leading_shift_int=\count111
\c__fp_Bigg_middle_shift_int=\count112
\c__fp_Bigg_trailing_shift_int=\count113
\c__kernel_randint_max_int=\count114
\g__fp_array_int=\count115
\l__fp_array_loop_int=\count116
\l__sort_length_int=\count117
\l__sort_min_int=\count118
\l__sort_top_int=\count119
\l__sort_max_int=\count120
\l__sort_true_max_int=\count121
\l__sort_block_int=\count122
\l__sort_begin_int=\count123
\l__sort_end_int=\count124
\l__sort_A_int=\count125
\l__sort_B_int=\count126
\l__sort_C_int=\count127
\l__str_internal_int=\count128
\c__str_replacement_char_int=\count129
\l__tl_analysis_normal_int=\count130
\l__tl_analysis_index_int=\count131
\l__tl_analysis_nesting_int=\count132
\l__tl_analysis_type_int=\count133
\l__regex_internal_a_int=\count134
\l__regex_internal_b_int=\count135
\l__regex_internal_c_int=\count136
\l__regex_balance_int=\count137
\l__regex_group_level_int=\count138
\l__regex_mode_int=\count139
\c__regex_cs_in_class_mode_int=\count140
\c__regex_cs_mode_int=\count141
\l__regex_catcodes_int=\count142
\l__regex_default_catcodes_int=\count143
\c__regex_catcode_D_int=\count144
\c__regex_catcode_S_int=\count145
\c__regex_catcode_L_int=\count146
\c__regex_catcode_O_int=\count147
\c__regex_catcode_A_int=\count148
\c__regex_all_catcodes_int=\count149
\l__regex_show_lines_int=\count150
\l__regex_min_state_int=\count151
\l__regex_max_state_int=\count152
\l__regex_left_state_int=\count153
\l__regex_right_state_int=\count154
\l__regex_capturing_group_int=\count155
\l__regex_min_pos_int=\count156
\l__regex_max_pos_int=\count157
\l__regex_curr_pos_int=\count158
\l__regex_start_pos_int=\count159
\l__regex_success_pos_int=\count160
\l__regex_curr_char_int=\count161
\l__regex_curr_catcode_int=\count162
\l__regex_last_char_int=\count163
\l__regex_case_changed_char_int=\count164
\l__regex_curr_state_int=\count165
\l__regex_step_int=\count166
\l__regex_min_active_int=\count167
\l__regex_max_active_int=\count168
\l__regex_replacement_csnames_int=\count169
\l__regex_match_count_int=\count170
\l__regex_min_submatch_int=\count171
\l__regex_submatch_int=\count172
\l__regex_zeroth_submatch_int=\count173
\g__regex_trace_regex_int=\count174
\c_empty_box=\box27
\l_tmpa_box=\box28
\l_tmpb_box=\box29
\g_tmpa_box=\box30
\g_tmpb_box=\box31
\l__box_top_dim=\dimen110
\l__box_bottom_dim=\dimen111
\l__box_left_dim=\dimen112
\l__box_right_dim=\dimen113
\l__box_top_new_dim=\dimen114
\l__box_bottom_new_dim=\dimen115
\l__box_left_new_dim=\dimen116
\l__box_right_new_dim=\dimen117
\l__box_internal_box=\box32
\l__coffin_internal_box=\box33
\l__coffin_internal_dim=\dimen118
\l__coffin_offset_x_dim=\dimen119
\l__coffin_offset_y_dim=\dimen120
\l__coffin_x_dim=\dimen121
\l__coffin_y_dim=\dimen122
\l__coffin_x_prime_dim=\dimen123
\l__coffin_y_prime_dim=\dimen124
\c_empty_coffin=\box34
\l__coffin_aligned_coffin=\box35
\l__coffin_aligned_internal_coffin=\box36
\l_tmpa_coffin=\box37
\l_tmpb_coffin=\box38
\g_tmpa_coffin=\box39
\g_tmpb_coffin=\box40
\l__coffin_bounding_shift_dim=\dimen125
\l__coffin_left_corner_dim=\dimen126
\l__coffin_right_corner_dim=\dimen127
\l__coffin_bottom_corner_dim=\dimen128
\l__coffin_top_corner_dim=\dimen129
\l__coffin_scaled_total_height_dim=\dimen130
\l__coffin_scaled_width_dim=\dimen131
\c__coffin_empty_coffin=\box41
\l__coffin_display_coffin=\box42
\l__coffin_display_coord_coffin=\box43
\l__coffin_display_pole_coffin=\box44
\l__coffin_display_offset_dim=\dimen132
\l__coffin_display_x_dim=\dimen133
\l__coffin_display_y_dim=\dimen134
\g__char_data_ior=\read1

(/usr/local/texlive/2019basic/texmf-dist/tex/latex/l3kernel/l3deprecation.def
File: l3deprecation.def 2019-04-06 v L3 Deprecated functions
))
(/usr/local/texlive/2019basic/texmf-dist/tex/latex/l3backend/l3backend-pdfmode.
def
File: l3backend-pdfmode.def 2019-04-06 v L3 backend support: PDF mode
\l__kernel_color_stack_int=\count175
\l__pdf_internal_box=\box45
))
Package: xparse 2019-05-28 L3 Experimental document command parser
\l__xparse_current_arg_int=\count176
\g__xparse_grabber_int=\count177
\l__xparse_m_args_int=\count178
\l__xparse_v_nesting_int=\count179
) (/usr/local/texlive/2019basic/texmf-dist/tex/latex/amsmath/amsmath.sty
Package: amsmath 2019/04/01 v2.17c AMS math features
\@mathmargin=\skip49

For additional information on amsmath, use the `?' option.
(/usr/local/texlive/2019basic/texmf-dist/tex/latex/amsmath/amstext.sty
Package: amstext 2000/06/29 v2.01 AMS text

(/usr/local/texlive/2019basic/texmf-dist/tex/latex/amsmath/amsgen.sty
File: amsgen.sty 1999/11/30 v2.0 generic functions
\@emptytoks=\toks14
\ex@=\dimen135
))
(/usr/local/texlive/2019basic/texmf-dist/tex/latex/amsmath/amsbsy.sty
Package: amsbsy 1999/11/29 v1.2d Bold Symbols
\pmbraise@=\dimen136
)
(/usr/local/texlive/2019basic/texmf-dist/tex/latex/amsmath/amsopn.sty
Package: amsopn 2016/03/08 v2.02 operator names
)
\inf@bad=\count180
LaTeX Info: Redefining \frac on input line 227.
\uproot@=\count181
\leftroot@=\count182
LaTeX Info: Redefining \overline on input line 389.
\classnum@=\count183
\DOTSCASE@=\count184
LaTeX Info: Redefining \ldots on input line 486.
LaTeX Info: Redefining \dots on input line 489.
LaTeX Info: Redefining \cdots on input line 610.
\Mathstrutbox@=\box46
\strutbox@=\box47
\big@size=\dimen137
LaTeX Font Info:    Redeclaring font encoding OML on input line 733.
LaTeX Font Info:    Redeclaring font encoding OMS on input line 734.
\macc@depth=\count185
\c@MaxMatrixCols=\count186
\dotsspace@=\muskip16
\c@parentequation=\count187
\dspbrk@lvl=\count188
\tag@help=\toks15
\row@=\count189
\column@=\count190
\maxfields@=\count191
\andhelp@=\toks16
\eqnshift@=\dimen138
\alignsep@=\dimen139
\tagshift@=\dimen140
\tagwidth@=\dimen141
\totwidth@=\dimen142
\lineht@=\dimen143
\@envbody=\toks17
\multlinegap=\skip50
\multlinetaggap=\skip51
\mathdisplay@stack=\toks18
LaTeX Info: Redefining \[ on input line 2855.
LaTeX Info: Redefining \] on input line 2856.
))
(/usr/local/texlive/2019basic/texmf-dist/tex/latex/amsfonts/amssymb.sty
Package: amssymb 2013/01/14 v3.01 AMS font symbols

(/usr/local/texlive/2019basic/texmf-dist/tex/latex/amsfonts/amsfonts.sty
Package: amsfonts 2013/01/14 v3.01 Basic AMSFonts support
\symAMSa=\mathgroup4
\symAMSb=\mathgroup5
LaTeX Font Info:    Redeclaring math symbol \hbar on input line 98.
LaTeX Font Info:    Overwriting math alphabet `\mathfrak' in version `bold'
(Font)                  U/euf/m/n --> U/euf/b/n on input line 106.
))
(/usr/local/texlive/2019basic/texmf-dist/tex/latex/amscls/amsthm.sty
Package: amsthm 2017/10/31 v2.20.4
\thm@style=\toks19
\thm@bodyfont=\toks20
\thm@headfont=\toks21
\thm@notefont=\toks22
\thm@headpunct=\toks23
\thm@preskip=\skip52
\thm@postskip=\skip53
\thm@headsep=\skip54
\dth@everypar=\toks24
)
(/usr/local/texlive/2019basic/texmf-dist/tex/latex/braket/braket.sty)
(/usr/local/texlive/2019basic/texmf-dist/tex/latex/base/inputenc.sty
Package: inputenc 2018/08/11 v1.3c Input encoding file
\inpenc@prehook=\toks25
\inpenc@posthook=\toks26
)
(./unextendible product bases.aux)
\openout1 = `"unextendible product bases.aux"'.

LaTeX Font Info:    Checking defaults for OML/cmm/m/it on input line 11.
LaTeX Font Info:    ... okay on input line 11.
LaTeX Font Info:    Checking defaults for T1/cmr/m/n on input line 11.
LaTeX Font Info:    ... okay on input line 11.
LaTeX Font Info:    Checking defaults for OT1/cmr/m/n on input line 11.
LaTeX Font Info:    ... okay on input line 11.
LaTeX Font Info:    Checking defaults for OMS/cmsy/m/n on input line 11.
LaTeX Font Info:    ... okay on input line 11.
LaTeX Font Info:    Checking defaults for OMX/cmex/m/n on input line 11.
LaTeX Font Info:    ... okay on input line 11.
LaTeX Font Info:    Checking defaults for U/cmr/m/n on input line 11.
LaTeX Font Info:    ... okay on input line 11.
LaTeX Font Info:    Trying to load font information for U+msa on input line 12.


(/usr/local/texlive/2019basic/texmf-dist/tex/latex/amsfonts/umsa.fd
File: umsa.fd 2013/01/14 v3.01 AMS symbols A
)
LaTeX Font Info:    Trying to load font information for U+msb on input line 12.


(/usr/local/texlive/2019basic/texmf-dist/tex/latex/amsfonts/umsb.fd
File: umsb.fd 2013/01/14 v3.01 AMS symbols B
) [1

{/usr/local/texlive/2019basic/texmf-var/fonts/map/pdftex/updmap/pdftex.map}]
LaTeX Font Info:    Trying to load font information for OMS+cmr on input line 2
7.

(/usr/local/texlive/2019basic/texmf-dist/tex/latex/base/omscmr.fd
File: omscmr.fd 2014/09/29 v2.5h Standard LaTeX font definitions
)
LaTeX Font Info:    Font shape `OMS/cmr/m/n' in size <12> not available
(Font)              Font shape `OMS/cmsy/m/n' tried instead on input line 27.
 [2]
Underfull \hbox (badness 10000) in paragraph at lines 69--71

 []


Underfull \hbox (badness 10000) in paragraph at lines 69--71

 []


Underfull \hbox (badness 10000) in paragraph at lines 72--74

 []


Underfull \hbox (badness 10000) in paragraph at lines 72--74

 []


Underfull \hbox (badness 10000) in paragraph at lines 75--77

 []


Underfull \hbox (badness 10000) in paragraph at lines 75--77

 []


Underfull \hbox (badness 10000) in paragraph at lines 78--80

 []


Underfull \hbox (badness 10000) in paragraph at lines 78--80

 []


Underfull \hbox (badness 10000) in paragraph at lines 81--83

 []


Underfull \hbox (badness 10000) in paragraph at lines 81--83

 []


Underfull \hbox (badness 10000) in paragraph at lines 84--86

 []


Underfull \hbox (badness 10000) in paragraph at lines 84--86

 []


Underfull \hbox (badness 10000) in paragraph at lines 87--89

 []


Underfull \hbox (badness 10000) in paragraph at lines 87--89

 []


Underfull \hbox (badness 10000) in paragraph at lines 90--102

 []


Underfull \hbox (badness 10000) in paragraph at lines 90--102

 []


Underfull \hbox (badness 10000) in paragraph at lines 90--102

 []


Underfull \hbox (badness 10000) in paragraph at lines 90--102

 []


Underfull \hbox (badness 10000) in paragraph at lines 90--102

 []


Underfull \hbox (badness 10000) in paragraph at lines 90--102

 []


Underfull \hbox (badness 10000) in paragraph at lines 90--102

 []


Underfull \hbox (badness 10000) in paragraph at lines 90--102

 []

[3]
Underfull \hbox (badness 10000) in paragraph at lines 105--107

 []


Underfull \hbox (badness 10000) in paragraph at lines 105--107

 []


Underfull \hbox (badness 10000) in paragraph at lines 108--113

 []


Underfull \hbox (badness 10000) in paragraph at lines 108--113

 []


Underfull \hbox (badness 10000) in paragraph at lines 108--113

 []


Underfull \hbox (badness 10000) in paragraph at lines 114--117

 []


Underfull \hbox (badness 10000) in paragraph at lines 118--129

 []


Underfull \hbox (badness 10000) in paragraph at lines 118--129

 []


Underfull \hbox (badness 10000) in paragraph at lines 118--129

 []


Underfull \hbox (badness 10000) in paragraph at lines 118--129

 []


Underfull \hbox (badness 10000) in paragraph at lines 118--129

 []


Underfull \hbox (badness 10000) in paragraph at lines 118--129

 []


Underfull \hbox (badness 10000) in paragraph at lines 133--139

 []


Underfull \hbox (badness 10000) in paragraph at lines 133--139

 []


Underfull \hbox (badness 10000) in paragraph at lines 133--139

 []

[4]
Underfull \hbox (badness 10000) in paragraph at lines 140--142

 []


Underfull \hbox (badness 10000) in paragraph at lines 143--146

 []


Underfull \hbox (badness 10000) in paragraph at lines 148--150

 []


Underfull \hbox (badness 10000) in paragraph at lines 152--153

 []


Underfull \hbox (badness 10000) in paragraph at lines 152--153

 []


Underfull \hbox (badness 10000) in paragraph at lines 158--171

 []


Underfull \hbox (badness 10000) in paragraph at lines 158--171

 []


Underfull \hbox (badness 10000) in paragraph at lines 158--171

 []


Underfull \hbox (badness 10000) in paragraph at lines 158--171

 []


Underfull \hbox (badness 10000) in paragraph at lines 158--171

 []


Underfull \hbox (badness 10000) in paragraph at lines 158--171

 []


Underfull \hbox (badness 10000) in paragraph at lines 172--177

 []


Underfull \hbox (badness 10000) in paragraph at lines 172--177

 []


Underfull \hbox (badness 10000) in paragraph at lines 172--177

 []


Underfull \hbox (badness 10000) in paragraph at lines 172--177

 []


Underfull \hbox (badness 10000) in paragraph at lines 178--191

 []


Underfull \hbox (badness 10000) in paragraph at lines 178--191

 []


Underfull \hbox (badness 10000) in paragraph at lines 178--191

 []


Underfull \hbox (badness 10000) in paragraph at lines 178--191

 []


Underfull \hbox (badness 10000) in paragraph at lines 178--191

 []


Underfull \hbox (badness 10000) in paragraph at lines 178--191

 []


Underfull \hbox (badness 10000) in paragraph at lines 178--191

 []


Underfull \hbox (badness 10000) in paragraph at lines 178--191

 []


Underfull \hbox (badness 10000) in paragraph at lines 178--191

 []

[5] [6] (./unextendible product bases.aux) ) 
Here is how much of TeX's memory you used:
 12128 strings out of 493610
 222843 string characters out of 6159292
 257196 words of memory out of 5000000
 16286 multiletter control sequences out of 15000+600000
 541400 words of font info for 59 fonts, out of 8000000 for 9000
 319 hyphenation exceptions out of 8191
 52i,6n,71p,758b,317s stack positions out of 5000i,500n,10000p,200000b,80000s
</usr/local/texlive/2019basic/texmf
-dist/fonts/type1/public/amsfonts/cm/cmbx12.pfb></usr/local/texlive/2019basic/t
exmf-dist/fonts/type1/public/amsfonts/cm/cmex10.pfb></usr/local/texlive/2019bas
ic/texmf-dist/fonts/type1/public/amsfonts/cm/cmmi12.pfb></usr/local/texlive/201
9basic/texmf-dist/fonts/type1/public/amsfonts/cm/cmmi6.pfb></usr/local/texlive/
2019basic/texmf-dist/fonts/type1/public/amsfonts/cm/cmmi8.pfb></usr/local/texli
ve/2019basic/texmf-dist/fonts/type1/public/amsfonts/cm/cmr12.pfb></usr/local/te
xlive/2019basic/texmf-dist/fonts/type1/public/amsfonts/cm/cmr17.pfb></usr/local
/texlive/2019basic/texmf-dist/fonts/type1/public/amsfonts/cm/cmr6.pfb></usr/loc
al/texlive/2019basic/texmf-dist/fonts/type1/public/amsfonts/cm/cmr8.pfb></usr/l
ocal/texlive/2019basic/texmf-dist/fonts/type1/public/amsfonts/cm/cmsy10.pfb></u
sr/local/texlive/2019basic/texmf-dist/fonts/type1/public/amsfonts/cm/cmsy6.pfb>
</usr/local/texlive/2019basic/texmf-dist/fonts/type1/public/amsfonts/cm/cmsy8.p
fb>
Output written on "unextendible product bases.pdf" (6 pages, 131533 bytes).
PDF statistics:
 71 PDF objects out of 1000 (max. 8388607)
 50 compressed objects within 1 object stream
 0 named destinations out of 1000 (max. 500000)
 1 words of extra memory for PDF output out of 10000 (max. 10000000)

